#
# A fatal error has been detected by the Java Runtime Environment:
#
#  EXCEPTION_ACCESS_VIOLATION (0xc0000005) at pc=0x0000000076de1da0, pid=3564, tid=4772
#
# JRE version: Java(TM) SE Runtime Environment (8.0_25-b18) (build 1.8.0_25-b18)
# Java VM: Java HotSpot(TM) 64-Bit Server VM (25.25-b02 mixed mode windows-amd64 compressed oops)
# Problematic frame:
# C  [ntdll.dll+0x51da0]
#
# Failed to write core dump. Minidumps are not enabled by default on client versions of Windows
#
# If you would like to submit a bug report, please visit:
#   http://bugreport.sun.com/bugreport/crash.jsp
# The crash happened outside the Java Virtual Machine in native code.
# See problematic frame for where to report the bug.
#

---------------  T H R E A D  ---------------

Current thread (0x0000000054e74000):  JavaThread "Finalizer" daemon [_thread_in_native, id=4772, stack(0x0000000056180000,0x0000000056280000)]

siginfo: ExceptionCode=0xc0000005, reading address 0x000000018bbdab78

Registers:
RAX=0x000000d500001388, RBX=0x000000018bbdab70, RCX=0x000000ffffffffff, RDX=0x000000005bc183b0
RSP=0x000000005627f090, RBP=0x0000000000000000, RSI=0x000000005bc10000, RDI=0x000000005bc183c0
R8 =0x000000005bc183c0, R9 =0x00000000c180a588, R10=0x0000000002793848, R11=0x0000000064d62810
R12=0x0000000000000000, R13=0x000000005bc39e18, R14=0x000000005627f250, R15=0x0000000054e74000
RIP=0x0000000076de1da0, EFLAGS=0x0000000000010202

Top of Stack: (sp=0x000000005627f090)
0x000000005627f090:   000000005627f0a8 000000005627f0f8
0x000000005627f0a0:   0000000002787450 000000005bc183c0
0x000000005627f0b0:   0000000000000000 000000005627f0b8
0x000000005627f0c0:   000000005457308c 000000005627f108
0x000000005627f0d0:   0000000054e74000 000000005627f250
0x000000005627f0e0:   000000005bc39e18 0000000000000000
0x000000005627f0f0:   0000000000000000 00000000000001c8
0x000000005627f100:   000000005627f228 0000000076c92c7a
0x000000005627f110:   0000000059d3ea28 000000005bc39e18
0x000000005627f120:   000000005627f1a0 0000000002787a01
0x000000005627f130:   000000005627f1b0 000007fef48ea06c
0x000000005627f140:   000000005bc183c0 000000005627f240
0x000000005627f150:   00000000eb3640b0 00000000c180b910
0x000000005627f160:   000000005bc39e18 000007fef48e72e8
0x000000005627f170:   000000005627f1c0 0000000054686278
0x000000005627f180:   0000000000000000 00000000545728d8 

Instructions: (pc=0x0000000076de1da0)
0x0000000076de1d80:   ff ff 00 00 00 48 33 de 48 23 c1 48 c1 eb 04 48
0x0000000076de1d90:   33 d8 48 33 1d 27 16 0e 00 48 c1 e3 04 0f 0d 0b
0x0000000076de1da0:   4c 8b 63 08 49 bd 01 00 00 00 01 00 00 00 49 be
0x0000000076de1db0:   ff 7f 00 00 ff ff ff ff c6 42 0f 80 c6 42 0e 00 


Register to memory mapping:

RAX=0x000000d500001388 is an unknown value
RBX=0x000000018bbdab70 is an unknown value
RCX=0x000000ffffffffff is an unknown value
RDX=0x000000005bc183b0 is an unknown value
RSP=0x000000005627f090 is pointing into the stack for thread: 0x0000000054e74000
RBP=0x0000000000000000 is an unknown value
RSI=0x000000005bc10000 is an unknown value
RDI=0x000000005bc183c0 is an unknown value
R8 =0x000000005bc183c0 is an unknown value
R9 =0x00000000c180a588 is an oop
java.lang.Class 
 - klass: 'java/lang/Class'
R10=0x0000000002793848 is at code_begin+840 in an Interpreter codelet
method entry point (kind = native)  [0x0000000002793500, 0x0000000002793e60]  2400 bytes
R11=0x0000000064d62810 is an unknown value
R12=0x0000000000000000 is an unknown value
R13={method} {0x000000005bc39e20} 'free' '(J)V' in 'org/bridj/JNI'
R14=0x000000005627f250 is pointing into the stack for thread: 0x0000000054e74000
R15=0x0000000054e74000 is a thread


Stack: [0x0000000056180000,0x0000000056280000],  sp=0x000000005627f090,  free space=1020k
Native frames: (J=compiled Java code, j=interpreted, Vv=VM code, C=native code)

Java frames: (J=compiled Java code, j=interpreted, Vv=VM code)
j  org.bridj.JNI.free(J)V+0
j  org.bridj.Pointer$FreeReleaser.release(Lorg/bridj/Pointer;)V+123
j  org.bridj.Pointer$4.release(Lorg/bridj/Pointer;)V+14
j  org.bridj.Pointer$2.release()V+19
j  org.bridj.Pointer$2.finalize()V+1
J 1220 C1 java.lang.ref.Finalizer.runFinalizer(Lsun/misc/JavaLangAccess;)V (62 bytes) @ 0x0000000002b1ae6c [0x0000000002b1a900+0x56c]
J 1219 C1 java.lang.ref.Finalizer.access$100(Ljava/lang/ref/Finalizer;Lsun/misc/JavaLangAccess;)V (6 bytes) @ 0x0000000002b15b1c [0x0000000002b15ac0+0x5c]
j  java.lang.ref.Finalizer$FinalizerThread.run()V+45
v  ~StubRoutines::call_stub

---------------  P R O C E S S  ---------------

Java Threads: ( => current thread )
  0x0000000057d7f800 JavaThread "Image Fetcher 0" daemon [_thread_blocked, id=4452, stack(0x0000000066a80000,0x0000000066b80000)]
  0x0000000057d80000 JavaThread "notificator-[Webcam C170 0]" daemon [_thread_blocked, id=3460, stack(0x000000005a6f0000,0x000000005a7f0000)]
  0x0000000057d81800 JavaThread "webcam-panel-scheduled-executor-14" daemon [_thread_blocked, id=2396, stack(0x000000005d8f0000,0x000000005d9f0000)]
  0x0000000057d81000 JavaThread "frames-refresher-[0]" daemon [_thread_blocked, id=4480, stack(0x000000005df70000,0x000000005e070000)]
  0x0000000057d84000 JavaThread "webcam-lock-[Webcam C170 0]" daemon [_thread_blocked, id=1948, stack(0x000000005dc30000,0x000000005dd30000)]
  0x0000000057dfd800 JavaThread "webcam-discovery-service" daemon [_thread_blocked, id=2344, stack(0x000000005b950000,0x000000005ba50000)]
  0x0000000057c88800 JavaThread "atomic-processor-1" daemon [_thread_in_native, id=4532, stack(0x000000005b7d0000,0x000000005b8d0000)]
  0x0000000057daf000 JavaThread "TimerQueue" daemon [_thread_blocked, id=4384, stack(0x000000005b6d0000,0x000000005b7d0000)]
  0x0000000057d4a000 JavaThread "D3D Screen Updater" daemon [_thread_blocked, id=1880, stack(0x000000005a400000,0x000000005a500000)]
  0x000000000239e000 JavaThread "DestroyJavaVM" [_thread_blocked, id=2260, stack(0x00000000023b0000,0x00000000024b0000)]
  0x0000000057c00800 JavaThread "AWT-EventQueue-0" [_thread_in_Java, id=4628, stack(0x0000000057300000,0x0000000057400000)]
  0x0000000056bc9000 JavaThread "AWT-Windows" daemon [_thread_in_native, id=3292, stack(0x0000000057550000,0x0000000057650000)]
  0x0000000056bc8000 JavaThread "AWT-Shutdown" [_thread_blocked, id=2372, stack(0x0000000055f30000,0x0000000056030000)]
  0x0000000056bc2800 JavaThread "Java2D Disposer" daemon [_thread_blocked, id=1276, stack(0x0000000057400000,0x0000000057500000)]
  0x0000000056850000 JavaThread "Service Thread" daemon [_thread_blocked, id=3776, stack(0x0000000057010000,0x0000000057110000)]
  0x00000000567e8800 JavaThread "C1 CompilerThread2" daemon [_thread_blocked, id=2872, stack(0x0000000056e40000,0x0000000056f40000)]
  0x0000000054ed5000 JavaThread "C2 CompilerThread1" daemon [_thread_blocked, id=2516, stack(0x0000000056c70000,0x0000000056d70000)]
  0x0000000054ecf800 JavaThread "C2 CompilerThread0" daemon [_thread_blocked, id=4156, stack(0x00000000566e0000,0x00000000567e0000)]
  0x0000000054edf800 JavaThread "Attach Listener" daemon [_thread_blocked, id=4928, stack(0x0000000056590000,0x0000000056690000)]
  0x0000000054ede000 JavaThread "Signal Dispatcher" daemon [_thread_blocked, id=4656, stack(0x0000000056400000,0x0000000056500000)]
=>0x0000000054e74000 JavaThread "Finalizer" daemon [_thread_in_native, id=4772, stack(0x0000000056180000,0x0000000056280000)]
  0x0000000054e6b000 JavaThread "Reference Handler" daemon [_thread_blocked, id=492, stack(0x0000000056280000,0x0000000056380000)]

Other Threads:
  0x0000000054e65000 VMThread [stack: 0x0000000056060000,0x0000000056160000] [id=4092]
  0x0000000056853800 WatcherThread [stack: 0x0000000057200000,0x0000000057300000] [id=1772]

VM state:not at safepoint (normal execution)

VM Mutex/Monitor currently owned by a thread: None

Heap:
 PSYoungGen      total 73216K, used 4622K [0x00000000eb200000, 0x00000000f0580000, 0x0000000100000000)
  eden space 65024K, 7% used [0x00000000eb200000,0x00000000eb683ba8,0x00000000ef180000)
  from space 8192K, 0% used [0x00000000ef180000,0x00000000ef180000,0x00000000ef980000)
  to   space 8192K, 0% used [0x00000000efd80000,0x00000000efd80000,0x00000000f0580000)
 ParOldGen       total 52736K, used 14997K [0x00000000c1600000, 0x00000000c4980000, 0x00000000eb200000)
  object space 52736K, 28% used [0x00000000c1600000,0x00000000c24a5698,0x00000000c4980000)
 Metaspace       used 17826K, capacity 18030K, committed 18304K, reserved 1064960K
  class space    used 2073K, capacity 2155K, committed 2176K, reserved 1048576K

Card table byte_map: [0x0000000011b40000,0x0000000011d40000] byte_map_base: 0x0000000011535000

Marking Bits: (ParMarkBitMap*) 0x000000006532d490
 Begin Bits: [0x0000000012390000, 0x0000000013338000)
 End Bits:   [0x0000000013338000, 0x00000000142e0000)

Polling page: 0x0000000000130000

CodeCache: size=245760Kb used=9869Kb max_used=9895Kb free=235890Kb
 bounds [0x0000000002780000, 0x0000000003140000, 0x0000000011780000]
 total_blobs=3740 nmethods=3001 adapters=651
 compilation: enabled

Compilation events (10 events):
Event: 369.223 Thread 0x00000000567e8800 nmethod 3499 0x0000000002cdaa50 code [0x0000000002cdac20, 0x0000000002cdb2e8]
Event: 369.224 Thread 0x00000000567e8800 3500       3       javax.swing.JComponent::processMouseEvent (27 bytes)
Event: 369.224 Thread 0x00000000567e8800 nmethod 3500 0x0000000002cf2710 code [0x0000000002cf2880, 0x0000000002cf2b58]
Event: 369.225 Thread 0x00000000567e8800 3502       3       java.awt.geom.AffineTransform::updateState (230 bytes)
Event: 369.226 Thread 0x00000000567e8800 nmethod 3502 0x0000000002d02510 code [0x0000000002d026c0, 0x0000000002d02ef0]
Event: 369.229 Thread 0x00000000567e8800 3501       3       java.awt.Component::processMouseEvent (100 bytes)
Event: 369.230 Thread 0x00000000567e8800 nmethod 3501 0x000000000313d090 code [0x000000000313d260, 0x000000000313d8e8]
Event: 369.232 Thread 0x0000000054ed5000 nmethod 3498 0x0000000003136890 code [0x0000000003136a40, 0x0000000003137290]
Event: 370.562 Thread 0x00000000567e8800 3503       3       java.util.Formatter::locale (9 bytes)
Event: 370.563 Thread 0x00000000567e8800 nmethod 3503 0x0000000002d01f90 code [0x0000000002d02100, 0x0000000002d02368]

GC Heap History (10 events):
Event: 367.475 GC heap before
{Heap before GC invocations=414 (full 10):
 PSYoungGen      total 66560K, used 62857K [0x00000000eb200000, 0x00000000efc80000, 0x0000000100000000)
  eden space 58880K, 99% used [0x00000000eb200000,0x00000000eeaf35a0,0x00000000eeb80000)
  from space 7680K, 59% used [0x00000000eeb80000,0x00000000eefef098,0x00000000ef300000)
  to   space 7168K, 0% used [0x00000000ef580000,0x00000000ef580000,0x00000000efc80000)
 ParOldGen       total 61440K, used 60516K [0x00000000c1600000, 0x00000000c5200000, 0x00000000eb200000)
  object space 61440K, 98% used [0x00000000c1600000,0x00000000c5119138,0x00000000c5200000)
 Metaspace       used 17822K, capacity 18030K, committed 18304K, reserved 1064960K
  class space    used 2073K, capacity 2155K, committed 2176K, reserved 1048576K
Event: 367.480 GC heap after
Heap after GC invocations=414 (full 10):
 PSYoungGen      total 69120K, used 5196K [0x00000000eb200000, 0x00000000efd00000, 0x0000000100000000)
  eden space 61952K, 0% used [0x00000000eb200000,0x00000000eb200000,0x00000000eee80000)
  from space 7168K, 72% used [0x00000000ef580000,0x00000000efa93008,0x00000000efc80000)
  to   space 7168K, 0% used [0x00000000eee80000,0x00000000eee80000,0x00000000ef580000)
 ParOldGen       total 61440K, used 60516K [0x00000000c1600000, 0x00000000c5200000, 0x00000000eb200000)
  object space 61440K, 98% used [0x00000000c1600000,0x00000000c5119138,0x00000000c5200000)
 Metaspace       used 17822K, capacity 18030K, committed 18304K, reserved 1064960K
  class space    used 2073K, capacity 2155K, committed 2176K, reserved 1048576K
}
Event: 368.458 GC heap before
{Heap before GC invocations=415 (full 10):
 PSYoungGen      total 69120K, used 67084K [0x00000000eb200000, 0x00000000efd00000, 0x0000000100000000)
  eden space 61952K, 99% used [0x00000000eb200000,0x00000000eee703c8,0x00000000eee80000)
  from space 7168K, 72% used [0x00000000ef580000,0x00000000efa93008,0x00000000efc80000)
  to   space 7168K, 0% used [0x00000000eee80000,0x00000000eee80000,0x00000000ef580000)
 ParOldGen       total 61440K, used 60516K [0x00000000c1600000, 0x00000000c5200000, 0x00000000eb200000)
  object space 61440K, 98% used [0x00000000c1600000,0x00000000c5119138,0x00000000c5200000)
 Metaspace       used 17822K, capacity 18030K, committed 18304K, reserved 1064960K
  class space    used 2073K, capacity 2155K, committed 2176K, reserved 1048576K
Event: 368.462 GC heap after
Heap after GC invocations=415 (full 10):
 PSYoungGen      total 69120K, used 6616K [0x00000000eb200000, 0x00000000f0100000, 0x0000000100000000)
  eden space 61952K, 0% used [0x00000000eb200000,0x00000000eb200000,0x00000000eee80000)
  from space 7168K, 92% used [0x00000000eee80000,0x00000000ef4f6158,0x00000000ef580000)
  to   space 7680K, 0% used [0x00000000ef980000,0x00000000ef980000,0x00000000f0100000)
 ParOldGen       total 61440K, used 60516K [0x00000000c1600000, 0x00000000c5200000, 0x00000000eb200000)
  object space 61440K, 98% used [0x00000000c1600000,0x00000000c5119138,0x00000000c5200000)
 Metaspace       used 17822K, capacity 18030K, committed 18304K, reserved 1064960K
  class space    used 2073K, capacity 2155K, committed 2176K, reserved 1048576K
}
Event: 369.461 GC heap before
{Heap before GC invocations=416 (full 10):
 PSYoungGen      total 69120K, used 67849K [0x00000000eb200000, 0x00000000f0100000, 0x0000000100000000)
  eden space 61952K, 98% used [0x00000000eb200000,0x00000000eedcc440,0x00000000eee80000)
  from space 7168K, 92% used [0x00000000eee80000,0x00000000ef4f6158,0x00000000ef580000)
  to   space 7680K, 0% used [0x00000000ef980000,0x00000000ef980000,0x00000000f0100000)
 ParOldGen       total 61440K, used 60516K [0x00000000c1600000, 0x00000000c5200000, 0x00000000eb200000)
  object space 61440K, 98% used [0x00000000c1600000,0x00000000c5119138,0x00000000c5200000)
 Metaspace       used 17826K, capacity 18030K, committed 18304K, reserved 1064960K
  class space    used 2073K, capacity 2155K, committed 2176K, reserved 1048576K
Event: 369.467 GC heap after
Heap after GC invocations=416 (full 10):
 PSYoungGen      total 72704K, used 7319K [0x00000000eb200000, 0x00000000f0280000, 0x0000000100000000)
  eden space 65024K, 0% used [0x00000000eb200000,0x00000000eb200000,0x00000000ef180000)
  from space 7680K, 95% used [0x00000000ef980000,0x00000000f00a5f40,0x00000000f0100000)
  to   space 8192K, 0% used [0x00000000ef180000,0x00000000ef180000,0x00000000ef980000)
 ParOldGen       total 61440K, used 60540K [0x00000000c1600000, 0x00000000c5200000, 0x00000000eb200000)
  object space 61440K, 98% used [0x00000000c1600000,0x00000000c511f138,0x00000000c5200000)
 Metaspace       used 17826K, capacity 18030K, committed 18304K, reserved 1064960K
  class space    used 2073K, capacity 2155K, committed 2176K, reserved 1048576K
}
Event: 371.023 GC heap before
{Heap before GC invocations=417 (full 10):
 PSYoungGen      total 72704K, used 71520K [0x00000000eb200000, 0x00000000f0280000, 0x0000000100000000)
  eden space 65024K, 98% used [0x00000000eb200000,0x00000000ef0b23d8,0x00000000ef180000)
  from space 7680K, 95% used [0x00000000ef980000,0x00000000f00a5f40,0x00000000f0100000)
  to   space 8192K, 0% used [0x00000000ef180000,0x00000000ef180000,0x00000000ef980000)
 ParOldGen       total 61440K, used 60540K [0x00000000c1600000, 0x00000000c5200000, 0x00000000eb200000)
  object space 61440K, 98% used [0x00000000c1600000,0x00000000c511f138,0x00000000c5200000)
 Metaspace       used 17826K, capacity 18030K, committed 18304K, reserved 1064960K
  class space    used 2073K, capacity 2155K, committed 2176K, reserved 1048576K
Event: 371.029 GC heap after
Heap after GC invocations=417 (full 10):
 PSYoungGen      total 73216K, used 4067K [0x00000000eb200000, 0x00000000f0580000, 0x0000000100000000)
  eden space 65024K, 0% used [0x00000000eb200000,0x00000000eb200000,0x00000000ef180000)
  from space 8192K, 49% used [0x00000000ef180000,0x00000000ef578dd0,0x00000000ef980000)
  to   space 8192K, 0% used [0x00000000efd80000,0x00000000efd80000,0x00000000f0580000)
 ParOldGen       total 64512K, used 63500K [0x00000000c1600000, 0x00000000c5500000, 0x00000000eb200000)
  object space 64512K, 98% used [0x00000000c1600000,0x00000000c5403208,0x00000000c5500000)
 Metaspace       used 17826K, capacity 18030K, committed 18304K, reserved 1064960K
  class space    used 2073K, capacity 2155K, committed 2176K, reserved 1048576K
}
Event: 371.029 GC heap before
{Heap before GC invocations=418 (full 11):
 PSYoungGen      total 73216K, used 4067K [0x00000000eb200000, 0x00000000f0580000, 0x0000000100000000)
  eden space 65024K, 0% used [0x00000000eb200000,0x00000000eb200000,0x00000000ef180000)
  from space 8192K, 49% used [0x00000000ef180000,0x00000000ef578dd0,0x00000000ef980000)
  to   space 8192K, 0% used [0x00000000efd80000,0x00000000efd80000,0x00000000f0580000)
 ParOldGen       total 64512K, used 63500K [0x00000000c1600000, 0x00000000c5500000, 0x00000000eb200000)
  object space 64512K, 98% used [0x00000000c1600000,0x00000000c5403208,0x00000000c5500000)
 Metaspace       used 17826K, capacity 18030K, committed 18304K, reserved 1064960K
  class space    used 2073K, capacity 2155K, committed 2176K, reserved 1048576K
Event: 371.069 GC heap after
Heap after GC invocations=418 (full 11):
 PSYoungGen      total 73216K, used 0K [0x00000000eb200000, 0x00000000f0580000, 0x0000000100000000)
  eden space 65024K, 0% used [0x00000000eb200000,0x00000000eb200000,0x00000000ef180000)
  from space 8192K, 0% used [0x00000000ef180000,0x00000000ef180000,0x00000000ef980000)
  to   space 8192K, 0% used [0x00000000efd80000,0x00000000efd80000,0x00000000f0580000)
 ParOldGen       total 52736K, used 14997K [0x00000000c1600000, 0x00000000c4980000, 0x00000000eb200000)
  object space 52736K, 28% used [0x00000000c1600000,0x00000000c24a5698,0x00000000c4980000)
 Metaspace       used 17826K, capacity 18030K, committed 18304K, reserved 1064960K
  class space    used 2073K, capacity 2155K, committed 2176K, reserved 1048576K
}

Deoptimization events (10 events):
Event: 5.740 Thread 0x0000000057c88800 Uncommon trap: reason=class_check action=maybe_recompile pc=0x0000000002960a30 method=java.util.HashMap.putVal(ILjava/lang/Object;Ljava/lang/Object;ZZ)Ljava/lang/Object; @ 253
Event: 5.740 Thread 0x0000000057c88800 Uncommon trap: reason=class_check action=maybe_recompile pc=0x0000000002960a30 method=java.util.HashMap.putVal(ILjava/lang/Object;Ljava/lang/Object;ZZ)Ljava/lang/Object; @ 253
Event: 5.740 Thread 0x0000000057c88800 Uncommon trap: reason=class_check action=maybe_recompile pc=0x0000000002960a30 method=java.util.HashMap.putVal(ILjava/lang/Object;Ljava/lang/Object;ZZ)Ljava/lang/Object; @ 253
Event: 5.740 Thread 0x0000000057c88800 Uncommon trap: reason=class_check action=maybe_recompile pc=0x00000000029668a4 method=java.util.HashMap.putVal(ILjava/lang/Object;Ljava/lang/Object;ZZ)Ljava/lang/Object; @ 253
Event: 7.933 Thread 0x0000000057c88800 Uncommon trap: reason=range_check action=make_not_entrant pc=0x0000000002b0ce90 method=sun.reflect.generics.parser.SignatureParser.current()C @ 34
Event: 12.893 Thread 0x0000000057c00800 Uncommon trap: reason=unreached action=reinterpret pc=0x0000000002b8364c method=java.awt.image.ComponentSampleModel.getDataElements(IILjava/lang/Object;Ljava/awt/image/DataBuffer;)Ljava/lang/Object; @ 101
Event: 15.569 Thread 0x0000000057dfd800 Uncommon trap: reason=unreached action=reinterpret pc=0x0000000002bea11c method=java.util.concurrent.SynchronousQueue$TransferQueue.awaitFulfill(Ljava/util/concurrent/SynchronousQueue$TransferQueue$QNode;Ljava/lang/Object;ZJ)Ljava/lang/Object; @ 29
Event: 45.597 Thread 0x0000000057c00800 Uncommon trap: reason=range_check action=make_not_entrant pc=0x0000000002c4a764 method=sun.awt.image.ByteInterleavedRaster.setPixels(IIII[I)V @ 205
Event: 114.879 Thread 0x0000000057c00800 Uncommon trap: reason=null_check action=make_not_entrant pc=0x0000000002f447c4 method=javax.swing.plaf.nimbus.NimbusDefaults$LazyStyle.matches(Ljava/awt/Component;I)Z @ 39
Event: 290.244 Thread 0x0000000057c00800 Uncommon trap: reason=range_check action=make_not_entrant pc=0x0000000002c06e28 method=java.awt.image.DirectColorModel.getRedMask()I @ 5

Internal exceptions (10 events):
Event: 114.826 Thread 0x0000000057d81800 Exception <a 'java/lang/InterruptedException': sleep interrupted> (0x00000000eba2ae08) thrown at [D:\re\workspace\8-2-build-windows-amd64-cygwin\jdk8u25\1677\hotspot\src\share\vm\prims\jvm.cpp, line 3141]
Event: 114.879 Thread 0x0000000057c00800 Implicit null exception at 0x0000000002f43ede to 0x0000000002f447ad
Event: 140.346 Thread 0x0000000057d80000 Exception <a 'java/lang/InterruptedException': sleep interrupted> (0x00000000ebeb23e8) thrown at [D:\re\workspace\8-2-build-windows-amd64-cygwin\jdk8u25\1677\hotspot\src\share\vm\prims\jvm.cpp, line 3141]
Event: 161.379 Thread 0x0000000057d80000 Exception <a 'java/lang/InterruptedException': sleep interrupted> (0x00000000eb491268) thrown at [D:\re\workspace\8-2-build-windows-amd64-cygwin\jdk8u25\1677\hotspot\src\share\vm\prims\jvm.cpp, line 3141]
Event: 184.782 Thread 0x0000000057d81800 Exception <a 'java/lang/InterruptedException': sleep interrupted> (0x00000000ebc72140) thrown at [D:\re\workspace\8-2-build-windows-amd64-cygwin\jdk8u25\1677\hotspot\src\share\vm\prims\jvm.cpp, line 3141]
Event: 217.183 Thread 0x0000000057d80000 Exception <a 'java/lang/InterruptedException': sleep interrupted> (0x00000000eb3398d8) thrown at [D:\re\workspace\8-2-build-windows-amd64-cygwin\jdk8u25\1677\hotspot\src\share\vm\prims\jvm.cpp, line 3141]
Event: 247.023 Thread 0x0000000057d81000 Exception <a 'java/lang/InterruptedException': sleep interrupted> (0x00000000ec1035d0) thrown at [D:\re\workspace\8-2-build-windows-amd64-cygwin\jdk8u25\1677\hotspot\src\share\vm\prims\jvm.cpp, line 3141]
Event: 301.722 Thread 0x0000000057d7f800 Exception <a 'java/lang/InterruptedException': sleep interrupted> (0x00000000ed3ff9f0) thrown at [D:\re\workspace\8-2-build-windows-amd64-cygwin\jdk8u25\1677\hotspot\src\share\vm\prims\jvm.cpp, line 3141]
Event: 318.192 Thread 0x0000000057d81000 Exception <a 'java/lang/InterruptedException': sleep interrupted> (0x00000000ece18238) thrown at [D:\re\workspace\8-2-build-windows-amd64-cygwin\jdk8u25\1677\hotspot\src\share\vm\prims\jvm.cpp, line 3141]
Event: 360.430 Thread 0x0000000057d81800 Exception <a 'java/lang/InterruptedException': sleep interrupted> (0x00000000eccbaba8) thrown at [D:\re\workspace\8-2-build-windows-amd64-cygwin\jdk8u25\1677\hotspot\src\share\vm\prims\jvm.cpp, line 3141]

Events (10 events):
Event: 369.159 Executing VM operation: RevokeBias done
Event: 369.169 Executing VM operation: RevokeBias
Event: 369.169 Executing VM operation: RevokeBias done
Event: 369.169 Executing VM operation: RevokeBias
Event: 369.169 Executing VM operation: RevokeBias done
Event: 369.223 Thread 0x00000000567e8800 flushing nmethod 0x0000000002e504d0
Event: 369.461 Executing VM operation: ParallelGCFailedAllocation
Event: 369.467 Executing VM operation: ParallelGCFailedAllocation done
Event: 371.023 Executing VM operation: ParallelGCFailedAllocation
Event: 371.069 Executing VM operation: ParallelGCFailedAllocation done


Dynamic libraries:
0x000000013f4d0000 - 0x000000013f504000 	C:\Program Files\Java\jdk1.8.0_25\bin\java.exe
0x0000000076d90000 - 0x0000000076f3b000 	C:\Windows\SYSTEM32\ntdll.dll
0x0000000076c70000 - 0x0000000076d8f000 	C:\Windows\system32\kernel32.dll
0x000007fefcda0000 - 0x000007fefce0b000 	C:\Windows\system32\KERNELBASE.dll
0x000007fefee80000 - 0x000007fefef5b000 	C:\Windows\system32\ADVAPI32.dll
0x000007fefdfa0000 - 0x000007fefe03f000 	C:\Windows\system32\msvcrt.dll
0x000007fefdf80000 - 0x000007fefdf9f000 	C:\Windows\SYSTEM32\sechost.dll
0x000007fefef60000 - 0x000007feff08e000 	C:\Windows\system32\RPCRT4.dll
0x0000000076b70000 - 0x0000000076c6a000 	C:\Windows\system32\USER32.dll
0x000007fefee10000 - 0x000007fefee77000 	C:\Windows\system32\GDI32.dll
0x000007fefde50000 - 0x000007fefde5e000 	C:\Windows\system32\LPK.dll
0x000007fefe2a0000 - 0x000007fefe36a000 	C:\Windows\system32\USP10.dll
0x000007fefb6b0000 - 0x000007fefb8a4000 	C:\Windows\WinSxS\amd64_microsoft.windows.common-controls_6595b64144ccf1df_6.0.7600.16385_none_fa645303170382f6\COMCTL32.dll
0x000007fefde60000 - 0x000007fefded1000 	C:\Windows\system32\SHLWAPI.dll
0x000007fefeb80000 - 0x000007fefebae000 	C:\Windows\system32\IMM32.DLL
0x000007fefebb0000 - 0x000007fefecb9000 	C:\Windows\system32\MSCTF.dll
0x0000000069c60000 - 0x0000000069d32000 	C:\Program Files\Java\jdk1.8.0_25\jre\bin\msvcr100.dll
0x0000000064b50000 - 0x00000000653aa000 	C:\Program Files\Java\jdk1.8.0_25\jre\bin\server\jvm.dll
0x000007fef2270000 - 0x000007fef2279000 	C:\Windows\system32\WSOCK32.dll
0x000007fefeab0000 - 0x000007fefeafd000 	C:\Windows\system32\WS2_32.dll
0x000007feff090000 - 0x000007feff098000 	C:\Windows\system32\NSI.dll
0x000007fef9590000 - 0x000007fef95cb000 	C:\Windows\system32\WINMM.dll
0x0000000076f60000 - 0x0000000076f67000 	C:\Windows\system32\PSAPI.DLL
0x0000000069fb0000 - 0x0000000069fbf000 	C:\Program Files\Java\jdk1.8.0_25\jre\bin\verify.dll
0x0000000069f80000 - 0x0000000069fa8000 	C:\Program Files\Java\jdk1.8.0_25\jre\bin\java.dll
0x0000000069f60000 - 0x0000000069f76000 	C:\Program Files\Java\jdk1.8.0_25\jre\bin\zip.dll
0x000007fefd0c0000 - 0x000007fefde46000 	C:\Windows\system32\SHELL32.dll
0x000007fefe5e0000 - 0x000007fefe7e1000 	C:\Windows\system32\ole32.dll
0x000007fefccf0000 - 0x000007fefccff000 	C:\Windows\system32\profapi.dll
0x0000000069ac0000 - 0x0000000069c58000 	C:\Program Files\Java\jdk1.8.0_25\jre\bin\awt.dll
0x000007fefe9d0000 - 0x000007fefeaa7000 	C:\Windows\system32\OLEAUT32.dll
0x000007fefb4d0000 - 0x000007fefb526000 	C:\Windows\system32\uxtheme.dll
0x000007fefb0a0000 - 0x000007fefb0b8000 	C:\Windows\system32\dwmapi.dll
0x000007fefcc20000 - 0x000007fefcc2f000 	C:\Windows\system32\CRYPTBASE.dll
0x0000000069ed0000 - 0x0000000069f17000 	C:\Program Files\Java\jdk1.8.0_25\jre\bin\fontmanager.dll
0x000007fee4660000 - 0x000007fee485f000 	C:\Windows\system32\d3d9.dll
0x000007fefbcd0000 - 0x000007fefbcdc000 	C:\Windows\system32\VERSION.dll
0x000007feed320000 - 0x000007feed327000 	C:\Windows\system32\d3d8thk.dll
0x000007fee3bf0000 - 0x000007fee465d000 	C:\Windows\system32\igdumdim64.dll
0x000007fef7e40000 - 0x000007fef82a2000 	C:\Windows\system32\igdusc64.dll
0x000007fefdee0000 - 0x000007fefdf79000 	C:\Windows\system32\CLBCatQ.DLL
0x000007fefaf30000 - 0x000007fefb05a000 	C:\Windows\system32\WindowsCodecs.dll
0x000007fefcbc0000 - 0x000007fefcc17000 	C:\Windows\system32\apphelp.dll
0x000007fef7dd0000 - 0x000007fef7dd9000 	C:\Program Files (x86)\Internet Download Manager\IDMShellExt64.dll
0x000007fef7d40000 - 0x000007fef7d75000 	C:\Windows\system32\EhStorShell.dll
0x000007fefe7f0000 - 0x000007fefe9c7000 	C:\Windows\system32\SETUPAPI.dll
0x000007fefd080000 - 0x000007fefd0b6000 	C:\Windows\system32\CFGMGR32.dll
0x000007fefd060000 - 0x000007fefd07a000 	C:\Windows\system32\DEVOBJ.dll
0x000007fefb530000 - 0x000007fefb65c000 	C:\Windows\system32\PROPSYS.dll
0x000007fef7cc0000 - 0x000007fef7d3e000 	C:\Windows\System32\cscui.dll
0x000007fef7cb0000 - 0x000007fef7cbc000 	C:\Windows\System32\CSCDLL.dll
0x000007fef7ca0000 - 0x000007fef7caf000 	C:\Windows\system32\CSCAPI.dll
0x000007fef7c20000 - 0x000007fef7ca0000 	C:\Windows\system32\ntshrui.dll
0x000007fefc920000 - 0x000007fefc943000 	C:\Windows\system32\srvcli.dll
0x000007fefa6e0000 - 0x000007fefa6eb000 	C:\Windows\system32\slc.dll
0x0000000069f40000 - 0x0000000069f5a000 	C:\Program Files\Java\jdk1.8.0_25\jre\bin\net.dll
0x000007fefc560000 - 0x000007fefc5b4000 	C:\Windows\system32\mswsock.dll
0x000007fefc550000 - 0x000007fefc557000 	C:\Windows\System32\wship6.dll
0x0000000069f20000 - 0x0000000069f31000 	C:\Program Files\Java\jdk1.8.0_25\jre\bin\nio.dll
0x0000000069a70000 - 0x0000000069ab1000 	C:\Program Files\Java\jdk1.8.0_25\jre\bin\t2k.dll
0x0000000069ea0000 - 0x0000000069eca000 	C:\Program Files\Java\jdk1.8.0_25\jre\bin\dcpr.dll
0x000007fefc5c0000 - 0x000007fefc5d7000 	C:\Windows\system32\CRYPTSP.dll
0x000007fefc2c0000 - 0x000007fefc307000 	C:\Windows\system32\rsaenh.dll
0x000007fefc040000 - 0x000007fefc05e000 	C:\Windows\system32\USERENV.dll
0x000007fef94a0000 - 0x000007fef94c7000 	C:\Windows\system32\IPHLPAPI.DLL
0x000007fefa620000 - 0x000007fefa62b000 	C:\Windows\system32\WINNSI.DLL
0x000007fef89d0000 - 0x000007fef89e8000 	C:\Windows\system32\dhcpcsvc.DLL
0x000007fef89b0000 - 0x000007fef89c1000 	C:\Windows\system32\dhcpcsvc6.DLL
0x000007fef48e0000 - 0x000007fef4909000 	C:\Users\Akarsh\AppData\Local\Temp\BridJExtractedLibraries2400793162448094598\bridj.dll
0x000007fef48a0000 - 0x000007fef48d6000 	C:\Users\Akarsh\AppData\Local\Temp\BridJExtractedLibraries2400793162448094598\OpenIMAJGrabber.dll
0x000007feedbd0000 - 0x000007feedbe6000 	C:\Windows\system32\devenum.dll
0x000007fefbba0000 - 0x000007fefbbcd000 	C:\Windows\system32\ntmarta.dll
0x000007fefe370000 - 0x000007fefe3c0000 	C:\Windows\system32\WLDAP32.dll
0x000007fefcf80000 - 0x000007fefcfb9000 	C:\Windows\system32\WINTRUST.dll
0x000007fefce10000 - 0x000007fefcf76000 	C:\Windows\system32\CRYPT32.dll
0x000007fefcd90000 - 0x000007fefcd9f000 	C:\Windows\system32\MSASN1.dll
0x000007feed270000 - 0x000007feed27d000 	C:\Windows\system32\msdmo.dll
0x000007fef4840000 - 0x000007fef486f000 	C:\Windows\system32\qcap.dll
0x000007fee15c0000 - 0x000007fee1772000 	C:\Windows\system32\quartz.dll
0x000007feed150000 - 0x000007feed191000 	C:\Windows\system32\ksproxy.ax
0x00000000727e0000 - 0x00000000727e6000 	C:\Windows\system32\ksuser.dll
0x000007fef2300000 - 0x000007fef230b000 	C:\Windows\system32\vidcap.ax
0x000007feed120000 - 0x000007feed144000 	C:\Windows\system32\kswdmcap.ax
0x000007fee2b80000 - 0x000007fee2cdc000 	C:\Windows\system32\MFC42.dll
0x000007fee3750000 - 0x000007fee37ff000 	C:\Windows\system32\ODBC32.dll
0x000000006ad20000 - 0x000000006ad58000 	C:\Windows\system32\odbcint.dll
0x000007fee3180000 - 0x000007fee321b000 	C:\Windows\System32\qedit.dll
0x000007fef4870000 - 0x000007fef4899000 	C:\Windows\System32\MSVFW32.dll
0x000007fefe3c0000 - 0x000007fefe458000 	C:\Windows\system32\COMDLG32.dll
0x000007fefb2b0000 - 0x000007fefb4c5000 	C:\Windows\WinSxS\amd64_microsoft.windows.gdiplus_6595b64144ccf1df_1.1.7600.16385_none_2b4f45e87195fcc4\gdiplus.dll
0x000007fef4f10000 - 0x000007fef5001000 	C:\Windows\system32\DDRAW.dll
0x000007fef4f00000 - 0x000007fef4f08000 	C:\Windows\system32\DCIMAN32.dll
0x000007fee0be0000 - 0x000007fee15b5000 	D:\Opencv 2.4\opencv\build\java\x64\opencv_java2413.dll
0x000007fef1e30000 - 0x000007fef1e4f000 	C:\Windows\system32\AVIFIL32.dll
0x000007fef4cf0000 - 0x000007fef4d08000 	C:\Windows\system32\MSACM32.dll
0x000007fef4e20000 - 0x000007fef4e37000 	C:\Windows\system32\AVICAP32.dll
0x000000006a2f0000 - 0x000000006a321000 	C:\Program Files\Java\jdk1.8.0_25\jre\bin\jpeg.dll
0x000007fef4ee0000 - 0x000007fef4eeb000 	C:\Windows\system32\msyuv.dll
0x000007fee9630000 - 0x000007fee9755000 	C:\Windows\system32\dbghelp.dll

VM Arguments:
jvm_args: -Dfile.encoding=UTF-8 -Djava.library.path=D:\Opencv 2.4\opencv\build\java\x64;%PATH% 
java_command: cubesolversimulator.Main
java_class_path (initial): D:\Project_work\CubeSolverSimulator\lib\webcam-capture-0.3.10-javadoc.jar;D:\Project_work\CubeSolverSimulator\lib\webcam-capture-0.3.10.jar;D:\Project_work\CubeSolverSimulator\lib\bridj-0.6.2.jar;D:\Project_work\CubeSolverSimulator\lib\slf4j-api-1.7.2.jar;D:\Project_work\CubeSolverSimulator\lib\opencv-2413.jar;D:\Project_work\CubeSolverSimulator\lib\eclipselink\eclipselink.jar;D:\Project_work\CubeSolverSimulator\lib\eclipselink\javax.persistence_2.1.0.v201304241213.jar;D:\Project_work\CubeSolverSimulator\lib\eclipselink\org.eclipse.persistence.jpa.jpql_2.5.2.v20140319-9ad6abd.jar;D:\Project_work\CubeSolverSimulator\build\classes
Launcher Type: SUN_STANDARD

Environment Variables:
PATH=C:\Python34\;C:\Python34\Scripts;C:\Program Files (x86)\Intel\iCLS Client\;C:\Program Files\Intel\iCLS Client\;C:\ProgramData\Oracle\Java\javapath;C:\Windows\system32;C:\Windows;C:\Windows\System32\Wbem;C:\Windows\System32\WindowsPowerShell\v1.0\;C:\Program Files\Intel\Intel(R) Management Engine Components\DAL;C:\Program Files\Intel\Intel(R) Management Engine Components\IPT;C:\Program Files (x86)\Intel\Intel(R) Management Engine Components\DAL;C:\Program Files (x86)\Intel\Intel(R) Management Engine Components\IPT;D:\Project_work\VisualInput\build\java\x64;C:\Program Files (x86)\Skype\Phone\;C:\Program Files\MATLAB\R2013b\runtime\win64;C:\Program Files\MATLAB\R2013b\bin;C:\Program Files\MATLAB\R2013b\polyspace\bin;C:\Users\Akarsh\Anaconda3;C:\Users\Akarsh\Anaconda3\Scripts;C:\Users\Akarsh\Anaconda3\Library\bin;C:\Program Files\Java\jdk1.8.0_25\bin;
USERNAME=Akarsh
OS=Windows_NT
PROCESSOR_IDENTIFIER=Intel64 Family 6 Model 69 Stepping 1, GenuineIntel



---------------  S Y S T E M  ---------------

OS: Windows 7 , 64 bit Build 7600 

CPU:total 4 (2 cores per cpu, 2 threads per core) family 6 model 69 stepping 1, cmov, cx8, fxsr, mmx, sse, sse2, sse3, ssse3, sse4.1, sse4.2, popcnt, aes, clmul, erms, lzcnt, ht, tsc, tscinvbit, bmi1, bmi2

Memory: 4k page, physical 4096180k(1004672k free), swap 12286644k(8503584k free)

vm_info: Java HotSpot(TM) 64-Bit Server VM (25.25-b02) for windows-amd64 JRE (1.8.0_25-b18), built on Oct  7 2014 14:25:37 by "java_re" with MS VC++ 10.0 (VS2010)

time: Tue Apr 04 19:31:51 2017
elapsed time: 371 seconds (0d 0h 6m 11s)

