#
# A fatal error has been detected by the Java Runtime Environment:
#
#  EXCEPTION_ACCESS_VIOLATION (0xc0000005) at pc=0x0000000077c71da0, pid=4916, tid=808
#
# JRE version: Java(TM) SE Runtime Environment (8.0_25-b18) (build 1.8.0_25-b18)
# Java VM: Java HotSpot(TM) 64-Bit Server VM (25.25-b02 mixed mode windows-amd64 compressed oops)
# Problematic frame:
# C  [ntdll.dll+0x51da0]
#
# Failed to write core dump. Minidumps are not enabled by default on client versions of Windows
#
# If you would like to submit a bug report, please visit:
#   http://bugreport.sun.com/bugreport/crash.jsp
# The crash happened outside the Java Virtual Machine in native code.
# See problematic frame for where to report the bug.
#

---------------  T H R E A D  ---------------

Current thread (0x000000005512e800):  JavaThread "Finalizer" daemon [_thread_in_native, id=808, stack(0x00000000564b0000,0x00000000565b0000)]

siginfo: ExceptionCode=0xc0000005, reading address 0x000000018b83ae28

Registers:
RAX=0x0000007e00001388, RBX=0x000000018b83ae20, RCX=0x000000ffffffffff, RDX=0x0000000011ef96b0
RSP=0x00000000565aefd0, RBP=0x0000000000000000, RSI=0x0000000011ef0000, RDI=0x0000000011ef96c0
R8 =0x0000000011ef96c0, R9 =0x00000000c184a238, R10=0x0000000002783848, R11=0x000000006a622810
R12=0x0000000000000000, R13=0x000000005a196388, R14=0x00000000565af190, R15=0x000000005512e800
RIP=0x0000000077c71da0, EFLAGS=0x0000000000010202

Top of Stack: (sp=0x00000000565aefd0)
0x00000000565aefd0:   00000000565aefe8 00000000565af038
0x00000000565aefe0:   0000000002777450 0000000011ef96c0
0x00000000565aeff0:   0000000000000000 00000000565aeff8
0x00000000565af000:   000000005483308c 00000000565af048
0x00000000565af010:   000000005512e800 00000000565af190
0x00000000565af020:   000000005a196388 0000000000000000
0x00000000565af030:   0000000000000000 00000000000001b8
0x00000000565af040:   00000000565af168 0000000077a22c7a
0x00000000565af050:   0000000054f9f228 000000005a196388
0x00000000565af060:   00000000565af0e0 0000000002777a01
0x00000000565af070:   00000000565af0f0 000007fef5f3a06c
0x00000000565af080:   0000000011ef96c0 00000000565af180
0x00000000565af090:   00000000eb56e970 00000000c1687410
0x00000000565af0a0:   000000005a196388 000007fef5f372e8
0x00000000565af0b0:   00000000565af100 0000000054946278
0x00000000565af0c0:   0000000000000000 00000000548328d8 

Instructions: (pc=0x0000000077c71da0)
0x0000000077c71d80:   ff ff 00 00 00 48 33 de 48 23 c1 48 c1 eb 04 48
0x0000000077c71d90:   33 d8 48 33 1d 27 16 0e 00 48 c1 e3 04 0f 0d 0b
0x0000000077c71da0:   4c 8b 63 08 49 bd 01 00 00 00 01 00 00 00 49 be
0x0000000077c71db0:   ff 7f 00 00 ff ff ff ff c6 42 0f 80 c6 42 0e 00 


Register to memory mapping:

RAX=0x0000007e00001388 is an unknown value
RBX=0x000000018b83ae20 is an unknown value
RCX=0x000000ffffffffff is an unknown value
RDX=0x0000000011ef96b0 is an unknown value
RSP=0x00000000565aefd0 is pointing into the stack for thread: 0x000000005512e800
RBP=0x0000000000000000 is an unknown value
RSI=0x0000000011ef0000 is an unknown value
RDI=0x0000000011ef96c0 is an unknown value
R8 =0x0000000011ef96c0 is an unknown value
R9 =0x00000000c184a238 is an oop
java.lang.Class 
 - klass: 'java/lang/Class'
R10=0x0000000002783848 is at code_begin+840 in an Interpreter codelet
method entry point (kind = native)  [0x0000000002783500, 0x0000000002783e60]  2400 bytes
R11=0x000000006a622810 is an unknown value
R12=0x0000000000000000 is an unknown value
R13={method} {0x000000005a196390} 'free' '(J)V' in 'org/bridj/JNI'
R14=0x00000000565af190 is pointing into the stack for thread: 0x000000005512e800
R15=0x000000005512e800 is a thread


Stack: [0x00000000564b0000,0x00000000565b0000],  sp=0x00000000565aefd0,  free space=1019k
Native frames: (J=compiled Java code, j=interpreted, Vv=VM code, C=native code)

Java frames: (J=compiled Java code, j=interpreted, Vv=VM code)
j  org.bridj.JNI.free(J)V+0
j  org.bridj.Pointer$FreeReleaser.release(Lorg/bridj/Pointer;)V+123
j  org.bridj.Pointer$4.release(Lorg/bridj/Pointer;)V+14
j  org.bridj.Pointer$2.release()V+19
j  org.bridj.Pointer$2.finalize()V+1
J 1774 C1 java.lang.ref.Finalizer.runFinalizer(Lsun/misc/JavaLangAccess;)V (62 bytes) @ 0x0000000002ca10ac [0x0000000002ca0b40+0x56c]
J 1773 C1 java.lang.ref.Finalizer.access$100(Ljava/lang/ref/Finalizer;Lsun/misc/JavaLangAccess;)V (6 bytes) @ 0x0000000002ca181c [0x0000000002ca17c0+0x5c]
j  java.lang.ref.Finalizer$FinalizerThread.run()V+45
v  ~StubRoutines::call_stub

---------------  P R O C E S S  ---------------

Java Threads: ( => current thread )
  0x0000000056f0e000 JavaThread "webcam-panel-scheduled-executor-14" daemon [_thread_blocked, id=4996, stack(0x0000000061950000,0x0000000061a50000)]
  0x0000000056f0c800 JavaThread "notificator-[Webcam C170 0]" daemon [_thread_blocked, id=3752, stack(0x000000005f5e0000,0x000000005f6e0000)]
  0x0000000056f0f000 JavaThread "frames-refresher-[0]" daemon [_thread_blocked, id=4100, stack(0x0000000061790000,0x0000000061890000)]
  0x0000000056f0c000 JavaThread "webcam-lock-[Webcam C170 0]" daemon [_thread_blocked, id=948, stack(0x000000005d720000,0x000000005d820000)]
  0x0000000058106000 JavaThread "D3D Screen Updater" daemon [_thread_blocked, id=4424, stack(0x000000005d160000,0x000000005d260000)]
  0x0000000057034800 JavaThread "webcam-discovery-service" daemon [_thread_blocked, id=732, stack(0x0000000057a60000,0x0000000057b60000)]
  0x0000000057fe2000 JavaThread "atomic-processor-1" daemon [_thread_in_native, id=3024, stack(0x0000000057c00000,0x0000000057d00000)]
  0x00000000002de000 JavaThread "DestroyJavaVM" [_thread_blocked, id=1836, stack(0x00000000023a0000,0x00000000024a0000)]
  0x0000000057eb2000 JavaThread "AWT-EventQueue-0" [_thread_in_Java, id=1736, stack(0x00000000586e0000,0x00000000587e0000)]
  0x000000005709e800 JavaThread "AWT-Windows" daemon [_thread_in_native, id=4552, stack(0x0000000057730000,0x0000000057830000)]
  0x000000005709d000 JavaThread "AWT-Shutdown" [_thread_blocked, id=2984, stack(0x0000000057530000,0x0000000057630000)]
  0x000000005707a000 JavaThread "Java2D Disposer" daemon [_thread_blocked, id=2028, stack(0x00000000571b0000,0x00000000572b0000)]
  0x0000000056d0b800 JavaThread "Service Thread" daemon [_thread_blocked, id=1160, stack(0x00000000570b0000,0x00000000571b0000)]
  0x0000000055190800 JavaThread "C1 CompilerThread2" daemon [_thread_blocked, id=3732, stack(0x0000000056bb0000,0x0000000056cb0000)]
  0x000000005518f800 JavaThread "C2 CompilerThread1" daemon [_thread_blocked, id=4368, stack(0x0000000056a50000,0x0000000056b50000)]
  0x000000005518d000 JavaThread "C2 CompilerThread0" daemon [_thread_blocked, id=5032, stack(0x0000000056930000,0x0000000056a30000)]
  0x000000005519f800 JavaThread "Attach Listener" daemon [_thread_blocked, id=4696, stack(0x00000000567d0000,0x00000000568d0000)]
  0x000000005519e000 JavaThread "Signal Dispatcher" daemon [_thread_blocked, id=4988, stack(0x0000000056630000,0x0000000056730000)]
=>0x000000005512e800 JavaThread "Finalizer" daemon [_thread_in_native, id=808, stack(0x00000000564b0000,0x00000000565b0000)]
  0x000000005512b000 JavaThread "Reference Handler" daemon [_thread_blocked, id=1288, stack(0x00000000562e0000,0x00000000563e0000)]

Other Threads:
  0x0000000055125000 VMThread [stack: 0x00000000560f0000,0x00000000561f0000] [id=4256]
  0x0000000056d12800 WatcherThread [stack: 0x0000000057370000,0x0000000057470000] [id=464]

VM state:not at safepoint (normal execution)

VM Mutex/Monitor currently owned by a thread: None

Heap:
 PSYoungGen      total 116224K, used 13949K [0x00000000eb200000, 0x00000000f3000000, 0x0000000100000000)
  eden space 104960K, 8% used [0x00000000eb200000,0x00000000ebadb330,0x00000000f1880000)
  from space 11264K, 43% used [0x00000000f1880000,0x00000000f1d44138,0x00000000f2380000)
  to   space 10752K, 0% used [0x00000000f2580000,0x00000000f2580000,0x00000000f3000000)
 ParOldGen       total 49664K, used 23774K [0x00000000c1600000, 0x00000000c4680000, 0x00000000eb200000)
  object space 49664K, 47% used [0x00000000c1600000,0x00000000c2d378c0,0x00000000c4680000)
 Metaspace       used 16699K, capacity 16944K, committed 17152K, reserved 1064960K
  class space    used 1895K, capacity 1962K, committed 2048K, reserved 1048576K

Card table byte_map: [0x0000000011b30000,0x0000000011d30000] byte_map_base: 0x0000000011525000

Marking Bits: (ParMarkBitMap*) 0x000000006abed490
 Begin Bits: [0x0000000012650000, 0x00000000135f8000)
 End Bits:   [0x00000000135f8000, 0x00000000145a0000)

Polling page: 0x0000000000130000

CodeCache: size=245760Kb used=9714Kb max_used=9761Kb free=236045Kb
 bounds [0x0000000002770000, 0x0000000003110000, 0x0000000011770000]
 total_blobs=3699 nmethods=2968 adapters=643
 compilation: enabled

Compilation events (10 events):
Event: 506.080 Thread 0x0000000055190800 3537       3       java.util.ArrayList::isEmpty (13 bytes)
Event: 506.081 Thread 0x0000000055190800 nmethod 3537 0x0000000002d9de10 code [0x0000000002d9df60, 0x0000000002d9e110]
Event: 506.082 Thread 0x0000000055190800 3538       3       sun.util.locale.BaseLocale::getInstance (75 bytes)
Event: 506.082 Thread 0x0000000055190800 nmethod 3538 0x00000000031063d0 code [0x00000000031065a0, 0x0000000003106be8]
Event: 506.082 Thread 0x0000000055190800 3539       3       sun.util.locale.BaseLocale$Key::<init> (11 bytes)
Event: 506.082 Thread 0x0000000055190800 nmethod 3539 0x0000000003102810 code [0x0000000003102980, 0x0000000003102b08]
Event: 506.082 Thread 0x0000000055190800 3540       3       sun.util.locale.BaseLocale$Key::equals (213 bytes)
Event: 506.084 Thread 0x0000000055190800 nmethod 3540 0x0000000002d08250 code [0x0000000002d08520, 0x0000000002d0a3f8]
Event: 506.100 Thread 0x0000000055190800 3541       3       java.util.Locale$LocaleKey::equals (80 bytes)
Event: 506.101 Thread 0x0000000055190800 nmethod 3541 0x0000000002da25d0 code [0x0000000002da2780, 0x0000000002da2df8]

GC Heap History (10 events):
Event: 495.705 GC heap before
{Heap before GC invocations=661 (full 20):
 PSYoungGen      total 112128K, used 99320K [0x00000000eb200000, 0x00000000f2e00000, 0x0000000100000000)
  eden space 99328K, 99% used [0x00000000eb200000,0x00000000f12990f0,0x00000000f1300000)
  from space 12800K, 3% used [0x00000000f2180000,0x00000000f21e50a0,0x00000000f2e00000)
  to   space 13824K, 0% used [0x00000000f1300000,0x00000000f1300000,0x00000000f2080000)
 ParOldGen       total 49664K, used 23742K [0x00000000c1600000, 0x00000000c4680000, 0x00000000eb200000)
  object space 49664K, 47% used [0x00000000c1600000,0x00000000c2d2f8c0,0x00000000c4680000)
 Metaspace       used 16686K, capacity 16880K, committed 17152K, reserved 1064960K
  class space    used 1893K, capacity 1962K, committed 2048K, reserved 1048576K
Event: 495.708 GC heap after
Heap after GC invocations=661 (full 20):
 PSYoungGen      total 113152K, used 6080K [0x00000000eb200000, 0x00000000f3000000, 0x0000000100000000)
  eden space 99328K, 0% used [0x00000000eb200000,0x00000000eb200000,0x00000000f1300000)
  from space 13824K, 43% used [0x00000000f1300000,0x00000000f18f0190,0x00000000f2080000)
  to   space 13312K, 0% used [0x00000000f2300000,0x00000000f2300000,0x00000000f3000000)
 ParOldGen       total 49664K, used 23750K [0x00000000c1600000, 0x00000000c4680000, 0x00000000eb200000)
  object space 49664K, 47% used [0x00000000c1600000,0x00000000c2d318c0,0x00000000c4680000)
 Metaspace       used 16686K, capacity 16880K, committed 17152K, reserved 1064960K
  class space    used 1893K, capacity 1962K, committed 2048K, reserved 1048576K
}
Event: 497.649 GC heap before
{Heap before GC invocations=662 (full 20):
 PSYoungGen      total 113152K, used 104579K [0x00000000eb200000, 0x00000000f3000000, 0x0000000100000000)
  eden space 99328K, 99% used [0x00000000eb200000,0x00000000f1230d20,0x00000000f1300000)
  from space 13824K, 43% used [0x00000000f1300000,0x00000000f18f0190,0x00000000f2080000)
  to   space 13312K, 0% used [0x00000000f2300000,0x00000000f2300000,0x00000000f3000000)
 ParOldGen       total 49664K, used 23750K [0x00000000c1600000, 0x00000000c4680000, 0x00000000eb200000)
  object space 49664K, 47% used [0x00000000c1600000,0x00000000c2d318c0,0x00000000c4680000)
 Metaspace       used 16692K, capacity 16880K, committed 17152K, reserved 1064960K
  class space    used 1895K, capacity 1962K, committed 2048K, reserved 1048576K
Event: 497.652 GC heap after
Heap after GC invocations=662 (full 20):
 PSYoungGen      total 113664K, used 3395K [0x00000000eb200000, 0x00000000f2e80000, 0x0000000100000000)
  eden space 101888K, 0% used [0x00000000eb200000,0x00000000eb200000,0x00000000f1580000)
  from space 11776K, 28% used [0x00000000f2300000,0x00000000f2650fe8,0x00000000f2e80000)
  to   space 12800K, 0% used [0x00000000f1580000,0x00000000f1580000,0x00000000f2200000)
 ParOldGen       total 49664K, used 23758K [0x00000000c1600000, 0x00000000c4680000, 0x00000000eb200000)
  object space 49664K, 47% used [0x00000000c1600000,0x00000000c2d338c0,0x00000000c4680000)
 Metaspace       used 16692K, capacity 16880K, committed 17152K, reserved 1064960K
  class space    used 1895K, capacity 1962K, committed 2048K, reserved 1048576K
}
Event: 499.352 GC heap before
{Heap before GC invocations=663 (full 20):
 PSYoungGen      total 113664K, used 105102K [0x00000000eb200000, 0x00000000f2e80000, 0x0000000100000000)
  eden space 101888K, 99% used [0x00000000eb200000,0x00000000f1552818,0x00000000f1580000)
  from space 11776K, 28% used [0x00000000f2300000,0x00000000f2650fe8,0x00000000f2e80000)
  to   space 12800K, 0% used [0x00000000f1580000,0x00000000f1580000,0x00000000f2200000)
 ParOldGen       total 49664K, used 23758K [0x00000000c1600000, 0x00000000c4680000, 0x00000000eb200000)
  object space 49664K, 47% used [0x00000000c1600000,0x00000000c2d338c0,0x00000000c4680000)
 Metaspace       used 16692K, capacity 16880K, committed 17152K, reserved 1064960K
  class space    used 1895K, capacity 1962K, committed 2048K, reserved 1048576K
Event: 499.355 GC heap after
Heap after GC invocations=663 (full 20):
 PSYoungGen      total 114688K, used 4327K [0x00000000eb200000, 0x00000000f3000000, 0x0000000100000000)
  eden space 101888K, 0% used [0x00000000eb200000,0x00000000eb200000,0x00000000f1580000)
  from space 12800K, 33% used [0x00000000f1580000,0x00000000f19b9ff8,0x00000000f2200000)
  to   space 12288K, 0% used [0x00000000f2400000,0x00000000f2400000,0x00000000f3000000)
 ParOldGen       total 49664K, used 23766K [0x00000000c1600000, 0x00000000c4680000, 0x00000000eb200000)
  object space 49664K, 47% used [0x00000000c1600000,0x00000000c2d358c0,0x00000000c4680000)
 Metaspace       used 16692K, capacity 16880K, committed 17152K, reserved 1064960K
  class space    used 1895K, capacity 1962K, committed 2048K, reserved 1048576K
}
Event: 501.084 GC heap before
{Heap before GC invocations=664 (full 20):
 PSYoungGen      total 114688K, used 105777K [0x00000000eb200000, 0x00000000f3000000, 0x0000000100000000)
  eden space 101888K, 99% used [0x00000000eb200000,0x00000000f15126f0,0x00000000f1580000)
  from space 12800K, 33% used [0x00000000f1580000,0x00000000f19b9ff8,0x00000000f2200000)
  to   space 12288K, 0% used [0x00000000f2400000,0x00000000f2400000,0x00000000f3000000)
 ParOldGen       total 49664K, used 23766K [0x00000000c1600000, 0x00000000c4680000, 0x00000000eb200000)
  object space 49664K, 47% used [0x00000000c1600000,0x00000000c2d358c0,0x00000000c4680000)
 Metaspace       used 16692K, capacity 16880K, committed 17152K, reserved 1064960K
  class space    used 1895K, capacity 1962K, committed 2048K, reserved 1048576K
Event: 501.087 GC heap after
Heap after GC invocations=664 (full 20):
 PSYoungGen      total 115712K, used 4540K [0x00000000eb200000, 0x00000000f2e80000, 0x0000000100000000)
  eden space 104960K, 0% used [0x00000000eb200000,0x00000000eb200000,0x00000000f1880000)
  from space 10752K, 42% used [0x00000000f2400000,0x00000000f286f098,0x00000000f2e80000)
  to   space 11264K, 0% used [0x00000000f1880000,0x00000000f1880000,0x00000000f2380000)
 ParOldGen       total 49664K, used 23766K [0x00000000c1600000, 0x00000000c4680000, 0x00000000eb200000)
  object space 49664K, 47% used [0x00000000c1600000,0x00000000c2d358c0,0x00000000c4680000)
 Metaspace       used 16692K, capacity 16880K, committed 17152K, reserved 1064960K
  class space    used 1895K, capacity 1962K, committed 2048K, reserved 1048576K
}
Event: 506.681 GC heap before
{Heap before GC invocations=665 (full 20):
 PSYoungGen      total 115712K, used 108524K [0x00000000eb200000, 0x00000000f2e80000, 0x0000000100000000)
  eden space 104960K, 99% used [0x00000000eb200000,0x00000000f178c200,0x00000000f1880000)
  from space 10752K, 42% used [0x00000000f2400000,0x00000000f286f098,0x00000000f2e80000)
  to   space 11264K, 0% used [0x00000000f1880000,0x00000000f1880000,0x00000000f2380000)
 ParOldGen       total 49664K, used 23766K [0x00000000c1600000, 0x00000000c4680000, 0x00000000eb200000)
  object space 49664K, 47% used [0x00000000c1600000,0x00000000c2d358c0,0x00000000c4680000)
 Metaspace       used 16699K, capacity 16944K, committed 17152K, reserved 1064960K
  class space    used 1895K, capacity 1962K, committed 2048K, reserved 1048576K
Event: 506.684 GC heap after
Heap after GC invocations=665 (full 20):
 PSYoungGen      total 116224K, used 4880K [0x00000000eb200000, 0x00000000f3000000, 0x0000000100000000)
  eden space 104960K, 0% used [0x00000000eb200000,0x00000000eb200000,0x00000000f1880000)
  from space 11264K, 43% used [0x00000000f1880000,0x00000000f1d44138,0x00000000f2380000)
  to   space 10752K, 0% used [0x00000000f2580000,0x00000000f2580000,0x00000000f3000000)
 ParOldGen       total 49664K, used 23774K [0x00000000c1600000, 0x00000000c4680000, 0x00000000eb200000)
  object space 49664K, 47% used [0x00000000c1600000,0x00000000c2d378c0,0x00000000c4680000)
 Metaspace       used 16699K, capacity 16944K, committed 17152K, reserved 1064960K
  class space    used 1895K, capacity 1962K, committed 2048K, reserved 1048576K
}

Deoptimization events (10 events):
Event: 5.431 Thread 0x0000000057fe2000 Uncommon trap: reason=range_check action=make_not_entrant pc=0x0000000002a15b50 method=sun.reflect.generics.parser.SignatureParser.current()C @ 34
Event: 10.486 Thread 0x0000000057eb2000 Uncommon trap: reason=unreached action=reinterpret pc=0x0000000002a86a4c method=java.awt.image.ComponentSampleModel.getDataElements(IILjava/lang/Object;Ljava/awt/image/DataBuffer;)Ljava/lang/Object; @ 101
Event: 28.513 Thread 0x0000000057eb2000 Uncommon trap: reason=range_check action=make_not_entrant pc=0x0000000002b23b90 method=sun.awt.image.ByteInterleavedRaster.setPixels(IIII[I)V @ 205
Event: 132.460 Thread 0x000000005707a000 Uncommon trap: reason=unreached action=reinterpret pc=0x0000000002ea7e60 method=java.util.concurrent.locks.AbstractQueuedSynchronizer.acquireQueued(Ljava/util/concurrent/locks/AbstractQueuedSynchronizer$Node;I)Z @ 17
Event: 151.803 Thread 0x0000000057eb2000 Uncommon trap: reason=null_check action=make_not_entrant pc=0x0000000002a66cc4 method=javax.swing.plaf.nimbus.NimbusDefaults$LazyStyle.matches(Ljava/awt/Component;I)Z @ 39
Event: 173.366 Thread 0x0000000058106000 Uncommon trap: reason=unreached action=reinterpret pc=0x0000000002ecc680 method=java.util.concurrent.locks.AbstractQueuedSynchronizer.acquireQueued(Ljava/util/concurrent/locks/AbstractQueuedSynchronizer$Node;I)Z @ 17
Event: 219.552 Thread 0x0000000057eb2000 Uncommon trap: reason=range_check action=make_not_entrant pc=0x0000000002f59468 method=java.awt.image.DirectColorModel.getRedMask()I @ 5
Event: 295.213 Thread 0x0000000057eb2000 Uncommon trap: reason=unreached action=reinterpret pc=0x0000000002df2fe4 method=sun.awt.PostEventQueue.flush()V @ 23
Event: 383.077 Thread 0x0000000057eb2000 Uncommon trap: reason=range_check action=make_not_entrant pc=0x0000000002c1d578 method=java.awt.image.DirectColorModel.setFields()V @ 16
Event: 407.158 Thread 0x0000000057fe2000 Uncommon trap: reason=unreached action=reinterpret pc=0x0000000002de7924 method=java.util.concurrent.SynchronousQueue$TransferQueue.transfer(Ljava/lang/Object;ZJ)Ljava/lang/Object; @ 229

Internal exceptions (10 events):
Event: 222.548 Thread 0x0000000056f0f000 Exception <a 'java/lang/InterruptedException': sleep interrupted> (0x00000000ec0f8b58) thrown at [D:\re\workspace\8-2-build-windows-amd64-cygwin\jdk8u25\1677\hotspot\src\share\vm\prims\jvm.cpp, line 3141]
Event: 275.809 Thread 0x0000000056f0d800 Exception <a 'java/lang/InterruptedException': sleep interrupted> (0x00000000eb80aab0) thrown at [D:\re\workspace\8-2-build-windows-amd64-cygwin\jdk8u25\1677\hotspot\src\share\vm\prims\jvm.cpp, line 3141]
Event: 288.652 Thread 0x0000000056f0c800 Exception <a 'java/lang/InterruptedException': sleep interrupted> (0x00000000ec450f58) thrown at [D:\re\workspace\8-2-build-windows-amd64-cygwin\jdk8u25\1677\hotspot\src\share\vm\prims\jvm.cpp, line 3141]
Event: 314.813 Thread 0x0000000056f0e000 Exception <a 'java/lang/InterruptedException': sleep interrupted> (0x00000000ebd97820) thrown at [D:\re\workspace\8-2-build-windows-amd64-cygwin\jdk8u25\1677\hotspot\src\share\vm\prims\jvm.cpp, line 3141]
Event: 387.386 Thread 0x0000000056f0c800 Exception <a 'java/lang/InterruptedException': sleep interrupted> (0x00000000ebd1fb88) thrown at [D:\re\workspace\8-2-build-windows-amd64-cygwin\jdk8u25\1677\hotspot\src\share\vm\prims\jvm.cpp, line 3141]
Event: 490.407 Thread 0x0000000056f0c800 Exception <a 'java/lang/InterruptedException': sleep interrupted> (0x00000000f0faece8) thrown at [D:\re\workspace\8-2-build-windows-amd64-cygwin\jdk8u25\1677\hotspot\src\share\vm\prims\jvm.cpp, line 3141]
Event: 497.320 Thread 0x0000000057eb2000 Exception <a 'java/lang/ArrayIndexOutOfBoundsException': 9> (0x00000000ef50ce48) thrown at [D:\re\workspace\8-2-build-windows-amd64-cygwin\jdk8u25\1677\hotspot\src\share\vm\interpreter\interpreterRuntime.cpp, line 366]
Event: 497.320 Thread 0x0000000057eb2000 Exception <a 'java/lang/ArrayIndexOutOfBoundsException'> (0x00000000ef50ce48) thrown at [D:\re\workspace\8-2-build-windows-amd64-cygwin\jdk8u25\1677\hotspot\src\share\vm\prims\jvm.cpp, line 1316]
Event: 497.320 Thread 0x0000000057eb2000 Exception <a 'java/lang/ArrayIndexOutOfBoundsException'> (0x00000000ef50ce48) thrown at [D:\re\workspace\8-2-build-windows-amd64-cygwin\jdk8u25\1677\hotspot\src\share\vm\prims\jvm.cpp, line 1316]
Event: 502.393 Thread 0x0000000056f0f000 Exception <a 'java/lang/InterruptedException': sleep interrupted> (0x00000000ef55cbf0) thrown at [D:\re\workspace\8-2-build-windows-amd64-cygwin\jdk8u25\1677\hotspot\src\share\vm\prims\jvm.cpp, line 3141]

Events (10 events):
Event: 505.992 Thread 0x0000000056f0f000 Thread added: 0x0000000056f0f000
Event: 506.005 Thread 0x0000000056f0c800 Thread added: 0x0000000056f0c800
Event: 506.055 Thread 0x0000000056f0e000 Thread added: 0x0000000056f0e000
Event: 506.055 Executing VM operation: RevokeBias
Event: 506.063 Executing VM operation: RevokeBias done
Event: 506.064 Thread 0x0000000056f0d800 Thread exited: 0x0000000056f0d800
Event: 506.078 Executing VM operation: RevokeBias
Event: 506.079 Executing VM operation: RevokeBias done
Event: 506.681 Executing VM operation: ParallelGCFailedAllocation
Event: 506.684 Executing VM operation: ParallelGCFailedAllocation done


Dynamic libraries:
0x000000013f580000 - 0x000000013f5b4000 	C:\Program Files\Java\jdk1.8.0_25\bin\java.exe
0x0000000077c20000 - 0x0000000077dcb000 	C:\Windows\SYSTEM32\ntdll.dll
0x0000000077a00000 - 0x0000000077b1f000 	C:\Windows\system32\kernel32.dll
0x000007fefdc70000 - 0x000007fefdcdb000 	C:\Windows\system32\KERNELBASE.dll
0x000007fefe580000 - 0x000007fefe65b000 	C:\Windows\system32\ADVAPI32.dll
0x000007fefe4e0000 - 0x000007fefe57f000 	C:\Windows\system32\msvcrt.dll
0x000007fefe4c0000 - 0x000007fefe4df000 	C:\Windows\SYSTEM32\sechost.dll
0x000007feffd80000 - 0x000007feffeae000 	C:\Windows\system32\RPCRT4.dll
0x0000000077b20000 - 0x0000000077c1a000 	C:\Windows\system32\USER32.dll
0x000007feffb70000 - 0x000007feffbd7000 	C:\Windows\system32\GDI32.dll
0x000007feff520000 - 0x000007feff52e000 	C:\Windows\system32\LPK.dll
0x000007feff710000 - 0x000007feff7da000 	C:\Windows\system32\USP10.dll
0x000007fefc540000 - 0x000007fefc734000 	C:\Windows\WinSxS\amd64_microsoft.windows.common-controls_6595b64144ccf1df_6.0.7600.16385_none_fa645303170382f6\COMCTL32.dll
0x000007feffeb0000 - 0x000007fefff21000 	C:\Windows\system32\SHLWAPI.dll
0x000007fefe1c0000 - 0x000007fefe1ee000 	C:\Windows\system32\IMM32.DLL
0x000007fefe1f0000 - 0x000007fefe2f9000 	C:\Windows\system32\MSCTF.dll
0x000000006b3f0000 - 0x000000006b4c2000 	C:\Program Files\Java\jdk1.8.0_25\jre\bin\msvcr100.dll
0x000000006a410000 - 0x000000006ac6a000 	C:\Program Files\Java\jdk1.8.0_25\jre\bin\server\jvm.dll
0x000007fef3380000 - 0x000007fef3389000 	C:\Windows\system32\WSOCK32.dll
0x000007feff830000 - 0x000007feff87d000 	C:\Windows\system32\WS2_32.dll
0x000007fefdf50000 - 0x000007fefdf58000 	C:\Windows\system32\NSI.dll
0x000007fefa480000 - 0x000007fefa4bb000 	C:\Windows\system32\WINMM.dll
0x0000000077de0000 - 0x0000000077de7000 	C:\Windows\system32\PSAPI.DLL
0x0000000074bc0000 - 0x0000000074bcf000 	C:\Program Files\Java\jdk1.8.0_25\jre\bin\verify.dll
0x000000006b380000 - 0x000000006b3a8000 	C:\Program Files\Java\jdk1.8.0_25\jre\bin\java.dll
0x000000006b360000 - 0x000000006b376000 	C:\Program Files\Java\jdk1.8.0_25\jre\bin\zip.dll
0x000007fefe660000 - 0x000007feff3e6000 	C:\Windows\system32\SHELL32.dll
0x000007feff960000 - 0x000007feffb61000 	C:\Windows\system32\ole32.dll
0x000007fefdb80000 - 0x000007fefdb8f000 	C:\Windows\system32\profapi.dll
0x000000006a200000 - 0x000000006a398000 	C:\Program Files\Java\jdk1.8.0_25\jre\bin\awt.dll
0x000007feff880000 - 0x000007feff957000 	C:\Windows\system32\OLEAUT32.dll
0x000007fefc360000 - 0x000007fefc3b6000 	C:\Windows\system32\uxtheme.dll
0x000007fefbf30000 - 0x000007fefbf48000 	C:\Windows\system32\dwmapi.dll
0x000007fefdab0000 - 0x000007fefdabf000 	C:\Windows\system32\CRYPTBASE.dll
0x000000006a1b0000 - 0x000000006a1f7000 	C:\Program Files\Java\jdk1.8.0_25\jre\bin\fontmanager.dll
0x000007feed620000 - 0x000007feed81f000 	C:\Windows\system32\d3d9.dll
0x000007fefcb60000 - 0x000007fefcb6c000 	C:\Windows\system32\VERSION.dll
0x000007fefc520000 - 0x000007fefc527000 	C:\Windows\system32\d3d8thk.dll
0x000007feea430000 - 0x000007feeae9d000 	C:\Windows\system32\igdumdim64.dll
0x000007fef8bb0000 - 0x000007fef9012000 	C:\Windows\system32\igdusc64.dll
0x000000006b8c0000 - 0x000000006b8da000 	C:\Program Files\Java\jdk1.8.0_25\jre\bin\net.dll
0x000007fefd3f0000 - 0x000007fefd444000 	C:\Windows\system32\mswsock.dll
0x000007fefd3e0000 - 0x000007fefd3e7000 	C:\Windows\System32\wship6.dll
0x000000006b340000 - 0x000000006b351000 	C:\Program Files\Java\jdk1.8.0_25\jre\bin\nio.dll
0x000000006a160000 - 0x000000006a1a1000 	C:\Program Files\Java\jdk1.8.0_25\jre\bin\t2k.dll
0x000007fefd450000 - 0x000007fefd467000 	C:\Windows\system32\CRYPTSP.dll
0x000007fefd150000 - 0x000007fefd197000 	C:\Windows\system32\rsaenh.dll
0x000007fefced0000 - 0x000007fefceee000 	C:\Windows\system32\USERENV.dll
0x000007fefa300000 - 0x000007fefa327000 	C:\Windows\system32\IPHLPAPI.DLL
0x000007fefa2f0000 - 0x000007fefa2fb000 	C:\Windows\system32\WINNSI.DLL
0x000007fefa0a0000 - 0x000007fefa0b8000 	C:\Windows\system32\dhcpcsvc.DLL
0x000007fefa080000 - 0x000007fefa091000 	C:\Windows\system32\dhcpcsvc6.DLL
0x000007fef5f30000 - 0x000007fef5f59000 	C:\Users\Akarsh\AppData\Local\Temp\BridJExtractedLibraries4569348746035718542\bridj.dll
0x000007fef58e0000 - 0x000007fef5916000 	C:\Users\Akarsh\AppData\Local\Temp\BridJExtractedLibraries4569348746035718542\OpenIMAJGrabber.dll
0x000007fefe420000 - 0x000007fefe4b9000 	C:\Windows\system32\CLBCatQ.DLL
0x000007fef58c0000 - 0x000007fef58d6000 	C:\Windows\system32\devenum.dll
0x000007feff530000 - 0x000007feff707000 	C:\Windows\system32\setupapi.dll
0x000007fefdf10000 - 0x000007fefdf46000 	C:\Windows\system32\CFGMGR32.dll
0x000007fefdef0000 - 0x000007fefdf0a000 	C:\Windows\system32\DEVOBJ.dll
0x000007fefca30000 - 0x000007fefca5d000 	C:\Windows\system32\ntmarta.dll
0x000007feff7e0000 - 0x000007feff830000 	C:\Windows\system32\WLDAP32.dll
0x000007fefdc30000 - 0x000007fefdc69000 	C:\Windows\system32\WINTRUST.dll
0x000007fefdd80000 - 0x000007fefdee6000 	C:\Windows\system32\CRYPT32.dll
0x000007fefdc20000 - 0x000007fefdc2f000 	C:\Windows\system32\MSASN1.dll
0x000007fefc530000 - 0x000007fefc53d000 	C:\Windows\system32\msdmo.dll
0x000007fef2ee0000 - 0x000007fef2f0f000 	C:\Windows\system32\qcap.dll
0x000007feed860000 - 0x000007feeda12000 	C:\Windows\system32\quartz.dll
0x000007feef430000 - 0x000007feef471000 	C:\Windows\system32\ksproxy.ax
0x0000000073530000 - 0x0000000073536000 	C:\Windows\system32\ksuser.dll
0x000007fef5fd0000 - 0x000007fef5fdb000 	C:\Windows\system32\vidcap.ax
0x000007fef2eb0000 - 0x000007fef2ed4000 	C:\Windows\system32\kswdmcap.ax
0x000007feed4c0000 - 0x000007feed61c000 	C:\Windows\system32\MFC42.dll
0x000007feef380000 - 0x000007feef42f000 	C:\Windows\system32\ODBC32.dll
0x0000000069f80000 - 0x0000000069fb8000 	C:\Windows\system32\odbcint.dll
0x000007feec470000 - 0x000007feec50b000 	C:\Windows\System32\qedit.dll
0x000007fef2e40000 - 0x000007fef2e69000 	C:\Windows\System32\MSVFW32.dll
0x000007fefe300000 - 0x000007fefe398000 	C:\Windows\system32\COMDLG32.dll
0x000007fefc140000 - 0x000007fefc355000 	C:\Windows\WinSxS\amd64_microsoft.windows.gdiplus_6595b64144ccf1df_1.1.7600.16385_none_2b4f45e87195fcc4\gdiplus.dll
0x000007fef5580000 - 0x000007fef5671000 	C:\Windows\system32\DDRAW.dll
0x000007fefb770000 - 0x000007fefb778000 	C:\Windows\system32\DCIMAN32.dll
0x000007fee9a50000 - 0x000007feea425000 	D:\Opencv 2.4\opencv\build\java\x64\opencv_java2413.dll
0x000007fef32d0000 - 0x000007fef32ef000 	C:\Windows\system32\AVIFIL32.dll
0x000007fef6060000 - 0x000007fef6078000 	C:\Windows\system32\MSACM32.dll
0x000007fef2e20000 - 0x000007fef2e37000 	C:\Windows\system32\AVICAP32.dll
0x000000006a000000 - 0x000000006a02a000 	C:\Program Files\Java\jdk1.8.0_25\jre\bin\dcpr.dll
0x0000000069fc0000 - 0x0000000069ff1000 	C:\Program Files\Java\jdk1.8.0_25\jre\bin\jpeg.dll
0x000007fef5df0000 - 0x000007fef5dfb000 	C:\Windows\system32\msyuv.dll
0x000007feedd50000 - 0x000007feede75000 	C:\Windows\system32\dbghelp.dll

VM Arguments:
jvm_args: -Dfile.encoding=UTF-8 -Djava.library.path=D:\Opencv 2.4\opencv\build\java\x64;%PATH%
 
java_command: cubesolversimulator.VisualInputForm
java_class_path (initial): D:\Project_work\CubeSolverSimulator\lib\webcam-capture-0.3.10-javadoc.jar;D:\Project_work\CubeSolverSimulator\lib\webcam-capture-0.3.10.jar;D:\Project_work\CubeSolverSimulator\lib\bridj-0.6.2.jar;D:\Project_work\CubeSolverSimulator\lib\slf4j-api-1.7.2.jar;D:\Project_work\CubeSolverSimulator\lib\opencv-2413.jar;D:\Project_work\CubeSolverSimulator\lib\eclipselink\eclipselink.jar;D:\Project_work\CubeSolverSimulator\lib\eclipselink\javax.persistence_2.1.0.v201304241213.jar;D:\Project_work\CubeSolverSimulator\lib\eclipselink\org.eclipse.persistence.jpa.jpql_2.5.2.v20140319-9ad6abd.jar;D:\Project_work\CubeSolverSimulator\lib\RXTXcomm.jar;D:\Project_work\CubeSolverSimulator\build\classes
Launcher Type: SUN_STANDARD

Environment Variables:
PATH=C:\Python34\;C:\Python34\Scripts;C:\Program Files (x86)\Intel\iCLS Client\;C:\Program Files\Intel\iCLS Client\;C:\ProgramData\Oracle\Java\javapath;C:\Windows\system32;C:\Windows;C:\Windows\System32\Wbem;C:\Windows\System32\WindowsPowerShell\v1.0\;C:\Program Files\Intel\Intel(R) Management Engine Components\DAL;C:\Program Files\Intel\Intel(R) Management Engine Components\IPT;C:\Program Files (x86)\Intel\Intel(R) Management Engine Components\DAL;C:\Program Files (x86)\Intel\Intel(R) Management Engine Components\IPT;D:\Project_work\VisualInput\build\java\x64;C:\Program Files (x86)\Skype\Phone\;C:\Program Files\MATLAB\R2013b\runtime\win64;C:\Program Files\MATLAB\R2013b\bin;C:\Program Files\MATLAB\R2013b\polyspace\bin;C:\Users\Akarsh\Anaconda3;C:\Users\Akarsh\Anaconda3\Scripts;C:\Users\Akarsh\Anaconda3\Library\bin;C:\Program Files\Java\jdk1.8.0_25\bin;
USERNAME=Akarsh
OS=Windows_NT
PROCESSOR_IDENTIFIER=Intel64 Family 6 Model 69 Stepping 1, GenuineIntel



---------------  S Y S T E M  ---------------

OS: Windows 7 , 64 bit Build 7600 

CPU:total 4 (2 cores per cpu, 2 threads per core) family 6 model 69 stepping 1, cmov, cx8, fxsr, mmx, sse, sse2, sse3, ssse3, sse4.1, sse4.2, popcnt, aes, clmul, erms, lzcnt, ht, tsc, tscinvbit, bmi1, bmi2

Memory: 4k page, physical 4096180k(1576536k free), swap 12286644k(9479436k free)

vm_info: Java HotSpot(TM) 64-Bit Server VM (25.25-b02) for windows-amd64 JRE (1.8.0_25-b18), built on Oct  7 2014 14:25:37 by "java_re" with MS VC++ 10.0 (VS2010)

time: Sun Apr 23 12:47:45 2017
elapsed time: 506 seconds (0d 0h 8m 26s)

