#
# A fatal error has been detected by the Java Runtime Environment:
#
#  EXCEPTION_ACCESS_VIOLATION (0xc0000005) at pc=0x0000000076de1da0, pid=4032, tid=4344
#
# JRE version: Java(TM) SE Runtime Environment (8.0_25-b18) (build 1.8.0_25-b18)
# Java VM: Java HotSpot(TM) 64-Bit Server VM (25.25-b02 mixed mode windows-amd64 compressed oops)
# Problematic frame:
# C  [ntdll.dll+0x51da0]
#
# Failed to write core dump. Minidumps are not enabled by default on client versions of Windows
#
# If you would like to submit a bug report, please visit:
#   http://bugreport.sun.com/bugreport/crash.jsp
# The crash happened outside the Java Virtual Machine in native code.
# See problematic frame for where to report the bug.
#

---------------  T H R E A D  ---------------

Current thread (0x0000000055166000):  JavaThread "Finalizer" daemon [_thread_in_native, id=4344, stack(0x0000000056300000,0x0000000056400000)]

siginfo: ExceptionCode=0xc0000005, reading address 0x000000064bf72a98

Registers:
RAX=0x000000e000001388, RBX=0x000000064bf72a90, RCX=0x000000ffffffffff, RDX=0x000000005b769280
RSP=0x00000000563fec60, RBP=0x0000000000000000, RSI=0x000000005b760000, RDI=0x000000005b769290
R8 =0x000000005b769290, R9 =0x00000000c182d8a0, R10=0x0000000002823848, R11=0x0000000064d62810
R12=0x0000000000000000, R13=0x000000005bc89e18, R14=0x00000000563fee20, R15=0x0000000055166000
RIP=0x0000000076de1da0, EFLAGS=0x0000000000010206

Top of Stack: (sp=0x00000000563fec60)
0x00000000563fec60:   00000000563fec78 00000000563fecc8
0x00000000563fec70:   0000000002817450 000000005b769290
0x00000000563fec80:   0000000000000000 00000000563fec88
0x00000000563fec90:   000000005486308c 00000000563fecd8
0x00000000563feca0:   0000000055166000 00000000563fee20
0x00000000563fecb0:   000000005bc89e18 0000000000000000
0x00000000563fecc0:   0000000000000000 00000000000001c0
0x00000000563fecd0:   00000000563fedf8 0000000076c92c7a
0x00000000563fece0:   0000000059e1ea28 000000005bc89e18
0x00000000563fecf0:   00000000563fed70 0000000002817a01
0x00000000563fed00:   00000000563fed80 000007fef48ea06c
0x00000000563fed10:   000000005b769290 00000000563fee10
0x00000000563fed20:   00000000eb2e1070 00000000c1830d08
0x00000000563fed30:   000000005bc89e18 000007fef48e72e8
0x00000000563fed40:   00000000563fed90 0000000054976278
0x00000000563fed50:   0000000000000000 00000000548628d8 

Instructions: (pc=0x0000000076de1da0)
0x0000000076de1d80:   ff ff 00 00 00 48 33 de 48 23 c1 48 c1 eb 04 48
0x0000000076de1d90:   33 d8 48 33 1d 27 16 0e 00 48 c1 e3 04 0f 0d 0b
0x0000000076de1da0:   4c 8b 63 08 49 bd 01 00 00 00 01 00 00 00 49 be
0x0000000076de1db0:   ff 7f 00 00 ff ff ff ff c6 42 0f 80 c6 42 0e 00 


Register to memory mapping:

RAX=0x000000e000001388 is an unknown value
RBX=0x000000064bf72a90 is an unknown value
RCX=0x000000ffffffffff is an unknown value
RDX=0x000000005b769280 is an unknown value
RSP=0x00000000563fec60 is pointing into the stack for thread: 0x0000000055166000
RBP=0x0000000000000000 is an unknown value
RSI=0x000000005b760000 is an unknown value
RDI=0x000000005b769290 is an unknown value
R8 =0x000000005b769290 is an unknown value
R9 =0x00000000c182d8a0 is an oop
java.lang.Class 
 - klass: 'java/lang/Class'
R10=0x0000000002823848 is at code_begin+840 in an Interpreter codelet
method entry point (kind = native)  [0x0000000002823500, 0x0000000002823e60]  2400 bytes
R11=0x0000000064d62810 is an unknown value
R12=0x0000000000000000 is an unknown value
R13={method} {0x000000005bc89e20} 'free' '(J)V' in 'org/bridj/JNI'
R14=0x00000000563fee20 is pointing into the stack for thread: 0x0000000055166000
R15=0x0000000055166000 is a thread


Stack: [0x0000000056300000,0x0000000056400000],  sp=0x00000000563fec60,  free space=1019k
Native frames: (J=compiled Java code, j=interpreted, Vv=VM code, C=native code)

Java frames: (J=compiled Java code, j=interpreted, Vv=VM code)
j  org.bridj.JNI.free(J)V+0
j  org.bridj.Pointer$FreeReleaser.release(Lorg/bridj/Pointer;)V+123
j  org.bridj.Pointer$4.release(Lorg/bridj/Pointer;)V+14
j  org.bridj.Pointer$2.release()V+19
j  org.bridj.Pointer$2.finalize()V+1
J 1238 C1 java.lang.ref.Finalizer.runFinalizer(Lsun/misc/JavaLangAccess;)V (62 bytes) @ 0x0000000002bbe72c [0x0000000002bbe1c0+0x56c]
J 1237 C1 java.lang.ref.Finalizer.access$100(Ljava/lang/ref/Finalizer;Lsun/misc/JavaLangAccess;)V (6 bytes) @ 0x0000000002bb4e9c [0x0000000002bb4e40+0x5c]
j  java.lang.ref.Finalizer$FinalizerThread.run()V+45
v  ~StubRoutines::call_stub

---------------  P R O C E S S  ---------------

Java Threads: ( => current thread )
  0x0000000056764000 JavaThread "notificator-[Webcam C170 0]" daemon [_thread_blocked, id=1668, stack(0x000000005d910000,0x000000005da10000)]
  0x0000000056763000 JavaThread "webcam-panel-scheduled-executor-14" daemon [_thread_blocked, id=3504, stack(0x0000000068030000,0x0000000068130000)]
  0x0000000056762800 JavaThread "frames-refresher-[0]" daemon [_thread_blocked, id=4260, stack(0x0000000065480000,0x0000000065580000)]
  0x0000000056761800 JavaThread "webcam-lock-[Webcam C170 0]" daemon [_thread_blocked, id=4356, stack(0x000000005eef0000,0x000000005eff0000)]
  0x0000000056707000 JavaThread "webcam-discovery-service" daemon [_thread_blocked, id=2036, stack(0x000000005ba50000,0x000000005bb50000)]
  0x0000000057f51800 JavaThread "atomic-processor-1" daemon [_thread_in_native, id=3872, stack(0x000000005bb70000,0x000000005bc70000)]
  0x0000000057e5e800 JavaThread "TimerQueue" daemon [_thread_blocked, id=4752, stack(0x000000005b800000,0x000000005b900000)]
  0x0000000057fb6800 JavaThread "D3D Screen Updater" daemon [_thread_blocked, id=4940, stack(0x000000005a510000,0x000000005a610000)]
  0x00000000022be000 JavaThread "DestroyJavaVM" [_thread_blocked, id=1696, stack(0x0000000002440000,0x0000000002540000)]
  0x0000000057c17000 JavaThread "AWT-EventQueue-0" [_thread_in_native, id=4428, stack(0x0000000058540000,0x0000000058640000)]
  0x00000000568e7800 JavaThread "AWT-Windows" daemon [_thread_in_native, id=1356, stack(0x00000000575b0000,0x00000000576b0000)]
  0x00000000568e6800 JavaThread "AWT-Shutdown" [_thread_blocked, id=4708, stack(0x00000000576b0000,0x00000000577b0000)]
  0x00000000568e5000 JavaThread "Java2D Disposer" daemon [_thread_blocked, id=3568, stack(0x0000000057460000,0x0000000057560000)]
  0x00000000551cf000 JavaThread "Service Thread" daemon [_thread_blocked, id=5040, stack(0x0000000057120000,0x0000000057220000)]
  0x00000000551c6800 JavaThread "C1 CompilerThread2" daemon [_thread_blocked, id=4908, stack(0x0000000056f30000,0x0000000057030000)]
  0x000000005650b000 JavaThread "C2 CompilerThread1" daemon [_thread_blocked, id=4488, stack(0x0000000056ac0000,0x0000000056bc0000)]
  0x0000000056506000 JavaThread "C2 CompilerThread0" daemon [_thread_blocked, id=920, stack(0x0000000056e30000,0x0000000056f30000)]
  0x0000000056500800 JavaThread "Attach Listener" daemon [_thread_blocked, id=4452, stack(0x0000000056bc0000,0x0000000056cc0000)]
  0x00000000551c3000 JavaThread "Signal Dispatcher" daemon [_thread_blocked, id=924, stack(0x00000000569c0000,0x0000000056ac0000)]
=>0x0000000055166000 JavaThread "Finalizer" daemon [_thread_in_native, id=4344, stack(0x0000000056300000,0x0000000056400000)]
  0x000000005515d000 JavaThread "Reference Handler" daemon [_thread_blocked, id=4644, stack(0x0000000056400000,0x0000000056500000)]

Other Threads:
  0x0000000055157000 VMThread [stack: 0x00000000561c0000,0x00000000562c0000] [id=1956]
  0x0000000056578000 WatcherThread [stack: 0x0000000057310000,0x0000000057410000] [id=1396]

VM state:not at safepoint (normal execution)

VM Mutex/Monitor currently owned by a thread: None

Heap:
 PSYoungGen      total 11776K, used 7254K [0x00000000eb200000, 0x00000000ec180000, 0x0000000100000000)
  eden space 9728K, 74% used [0x00000000eb200000,0x00000000eb915b68,0x00000000ebb80000)
  from space 2048K, 0% used [0x00000000ebb80000,0x00000000ebb80000,0x00000000ebd80000)
  to   space 2048K, 0% used [0x00000000ebf80000,0x00000000ebf80000,0x00000000ec180000)
 ParOldGen       total 35840K, used 15686K [0x00000000c1600000, 0x00000000c3900000, 0x00000000eb200000)
  object space 35840K, 43% used [0x00000000c1600000,0x00000000c2551b08,0x00000000c3900000)
 Metaspace       used 17884K, capacity 18094K, committed 18304K, reserved 1064960K
  class space    used 2072K, capacity 2155K, committed 2176K, reserved 1048576K

Card table byte_map: [0x0000000011bd0000,0x0000000011dd0000] byte_map_base: 0x00000000115c5000

Marking Bits: (ParMarkBitMap*) 0x000000006532d490
 Begin Bits: [0x0000000012680000, 0x0000000013628000)
 End Bits:   [0x0000000013628000, 0x00000000145d0000)

Polling page: 0x0000000000130000

CodeCache: size=245760Kb used=10101Kb max_used=10110Kb free=235658Kb
 bounds [0x0000000002810000, 0x0000000003200000, 0x0000000011810000]
 total_blobs=3800 nmethods=3062 adapters=651
 compilation: enabled

Compilation events (10 events):
Event: 694.507 Thread 0x00000000551c6800 nmethod 3628 0x0000000002925ad0 code [0x0000000002925ca0, 0x00000000029262e8]
Event: 694.507 Thread 0x00000000551c6800 3629       3       sun.util.locale.BaseLocale$Key::<init> (11 bytes)
Event: 694.508 Thread 0x00000000551c6800 nmethod 3629 0x0000000002ccb650 code [0x0000000002ccb7c0, 0x0000000002ccb948]
Event: 694.508 Thread 0x00000000551c6800 3630       3       sun.util.locale.BaseLocale$Key::equals (213 bytes)
Event: 694.511 Thread 0x0000000056506000 nmethod 3627 0x0000000002b36250 code [0x0000000002b363a0, 0x0000000002b36698]
Event: 694.513 Thread 0x00000000551c6800 nmethod 3630 0x0000000002f6b8d0 code [0x0000000002f6bba0, 0x0000000002f6da78]
Event: 694.515 Thread 0x000000005650b000 3631       4       java.util.Locale::hashCode (41 bytes)
Event: 694.517 Thread 0x000000005650b000 nmethod 3631 0x0000000002b35f50 code [0x0000000002b360a0, 0x0000000002b36168]
Event: 694.569 Thread 0x00000000551c6800 3632       3       java.util.Locale$LocaleKey::equals (80 bytes)
Event: 694.570 Thread 0x00000000551c6800 nmethod 3632 0x0000000002f6af50 code [0x0000000002f6b100, 0x0000000002f6b778]

GC Heap History (10 events):
Event: 690.258 GC heap before
{Heap before GC invocations=1186 (full 8):
 PSYoungGen      total 11776K, used 10821K [0x00000000eb200000, 0x00000000ebf80000, 0x0000000100000000)
  eden space 9728K, 98% used [0x00000000eb200000,0x00000000ebb5b360,0x00000000ebb80000)
  from space 2048K, 60% used [0x00000000ebb80000,0x00000000ebcb60b0,0x00000000ebd80000)
  to   space 2048K, 0% used [0x00000000ebd80000,0x00000000ebd80000,0x00000000ebf80000)
 ParOldGen       total 30720K, used 24547K [0x00000000c1600000, 0x00000000c3400000, 0x00000000eb200000)
  object space 30720K, 79% used [0x00000000c1600000,0x00000000c2df8db8,0x00000000c3400000)
 Metaspace       used 17868K, capacity 18094K, committed 18304K, reserved 1064960K
  class space    used 2072K, capacity 2155K, committed 2176K, reserved 1048576K
Event: 690.262 GC heap after
Heap after GC invocations=1186 (full 8):
 PSYoungGen      total 11776K, used 1240K [0x00000000eb200000, 0x00000000ebf80000, 0x0000000100000000)
  eden space 9728K, 0% used [0x00000000eb200000,0x00000000eb200000,0x00000000ebb80000)
  from space 2048K, 60% used [0x00000000ebd80000,0x00000000ebeb60b0,0x00000000ebf80000)
  to   space 2048K, 0% used [0x00000000ebb80000,0x00000000ebb80000,0x00000000ebd80000)
 ParOldGen       total 30720K, used 25455K [0x00000000c1600000, 0x00000000c3400000, 0x00000000eb200000)
  object space 30720K, 82% used [0x00000000c1600000,0x00000000c2edbdc8,0x00000000c3400000)
 Metaspace       used 17868K, capacity 18094K, committed 18304K, reserved 1064960K
  class space    used 2072K, capacity 2155K, committed 2176K, reserved 1048576K
}
Event: 694.457 GC heap before
{Heap before GC invocations=1187 (full 8):
 PSYoungGen      total 11776K, used 10938K [0x00000000eb200000, 0x00000000ebf80000, 0x0000000100000000)
  eden space 9728K, 99% used [0x00000000eb200000,0x00000000ebb78ad8,0x00000000ebb80000)
  from space 2048K, 60% used [0x00000000ebd80000,0x00000000ebeb60b0,0x00000000ebf80000)
  to   space 2048K, 0% used [0x00000000ebb80000,0x00000000ebb80000,0x00000000ebd80000)
 ParOldGen       total 30720K, used 25455K [0x00000000c1600000, 0x00000000c3400000, 0x00000000eb200000)
  object space 30720K, 82% used [0x00000000c1600000,0x00000000c2edbdc8,0x00000000c3400000)
 Metaspace       used 17881K, capacity 18094K, committed 18304K, reserved 1064960K
  class space    used 2072K, capacity 2155K, committed 2176K, reserved 1048576K
Event: 694.459 GC heap after
Heap after GC invocations=1187 (full 8):
 PSYoungGen      total 11776K, used 1580K [0x00000000eb200000, 0x00000000ebf80000, 0x0000000100000000)
  eden space 9728K, 0% used [0x00000000eb200000,0x00000000eb200000,0x00000000ebb80000)
  from space 2048K, 77% used [0x00000000ebb80000,0x00000000ebd0b150,0x00000000ebd80000)
  to   space 2048K, 0% used [0x00000000ebd80000,0x00000000ebd80000,0x00000000ebf80000)
 ParOldGen       total 30720K, used 26371K [0x00000000c1600000, 0x00000000c3400000, 0x00000000eb200000)
  object space 30720K, 85% used [0x00000000c1600000,0x00000000c2fc0dd8,0x00000000c3400000)
 Metaspace       used 17881K, capacity 18094K, committed 18304K, reserved 1064960K
  class space    used 2072K, capacity 2155K, committed 2176K, reserved 1048576K
}
Event: 694.606 GC heap before
{Heap before GC invocations=1188 (full 8):
 PSYoungGen      total 11776K, used 10163K [0x00000000eb200000, 0x00000000ebf80000, 0x0000000100000000)
  eden space 9728K, 88% used [0x00000000eb200000,0x00000000eba61e90,0x00000000ebb80000)
  from space 2048K, 77% used [0x00000000ebb80000,0x00000000ebd0b150,0x00000000ebd80000)
  to   space 2048K, 0% used [0x00000000ebd80000,0x00000000ebd80000,0x00000000ebf80000)
 ParOldGen       total 30720K, used 26371K [0x00000000c1600000, 0x00000000c3400000, 0x00000000eb200000)
  object space 30720K, 85% used [0x00000000c1600000,0x00000000c2fc0dd8,0x00000000c3400000)
 Metaspace       used 17884K, capacity 18094K, committed 18304K, reserved 1064960K
  class space    used 2072K, capacity 2155K, committed 2176K, reserved 1048576K
Event: 694.608 GC heap after
Heap after GC invocations=1188 (full 8):
 PSYoungGen      total 11776K, used 1272K [0x00000000eb200000, 0x00000000ebf80000, 0x0000000100000000)
  eden space 9728K, 0% used [0x00000000eb200000,0x00000000eb200000,0x00000000ebb80000)
  from space 2048K, 62% used [0x00000000ebd80000,0x00000000ebebe0b0,0x00000000ebf80000)
  to   space 2048K, 0% used [0x00000000ebb80000,0x00000000ebb80000,0x00000000ebd80000)
 ParOldGen       total 30720K, used 26955K [0x00000000c1600000, 0x00000000c3400000, 0x00000000eb200000)
  object space 30720K, 87% used [0x00000000c1600000,0x00000000c3052f18,0x00000000c3400000)
 Metaspace       used 17884K, capacity 18094K, committed 18304K, reserved 1064960K
  class space    used 2072K, capacity 2155K, committed 2176K, reserved 1048576K
}
Event: 694.836 GC heap before
{Heap before GC invocations=1189 (full 8):
 PSYoungGen      total 11776K, used 10938K [0x00000000eb200000, 0x00000000ebf80000, 0x0000000100000000)
  eden space 9728K, 99% used [0x00000000eb200000,0x00000000ebb709b0,0x00000000ebb80000)
  from space 2048K, 62% used [0x00000000ebd80000,0x00000000ebebe0b0,0x00000000ebf80000)
  to   space 2048K, 0% used [0x00000000ebb80000,0x00000000ebb80000,0x00000000ebd80000)
 ParOldGen       total 30720K, used 26955K [0x00000000c1600000, 0x00000000c3400000, 0x00000000eb200000)
  object space 30720K, 87% used [0x00000000c1600000,0x00000000c3052f18,0x00000000c3400000)
 Metaspace       used 17884K, capacity 18094K, committed 18304K, reserved 1064960K
  class space    used 2072K, capacity 2155K, committed 2176K, reserved 1048576K
Event: 694.840 GC heap after
Heap after GC invocations=1189 (full 8):
 PSYoungGen      total 11776K, used 1540K [0x00000000eb200000, 0x00000000ec180000, 0x0000000100000000)
  eden space 9728K, 0% used [0x00000000eb200000,0x00000000eb200000,0x00000000ebb80000)
  from space 2048K, 75% used [0x00000000ebb80000,0x00000000ebd010b0,0x00000000ebd80000)
  to   space 2048K, 0% used [0x00000000ebf80000,0x00000000ebf80000,0x00000000ec180000)
 ParOldGen       total 30720K, used 30279K [0x00000000c1600000, 0x00000000c3400000, 0x00000000eb200000)
  object space 30720K, 98% used [0x00000000c1600000,0x00000000c3391f48,0x00000000c3400000)
 Metaspace       used 17884K, capacity 18094K, committed 18304K, reserved 1064960K
  class space    used 2072K, capacity 2155K, committed 2176K, reserved 1048576K
}
Event: 694.840 GC heap before
{Heap before GC invocations=1190 (full 9):
 PSYoungGen      total 11776K, used 1540K [0x00000000eb200000, 0x00000000ec180000, 0x0000000100000000)
  eden space 9728K, 0% used [0x00000000eb200000,0x00000000eb200000,0x00000000ebb80000)
  from space 2048K, 75% used [0x00000000ebb80000,0x00000000ebd010b0,0x00000000ebd80000)
  to   space 2048K, 0% used [0x00000000ebf80000,0x00000000ebf80000,0x00000000ec180000)
 ParOldGen       total 30720K, used 30279K [0x00000000c1600000, 0x00000000c3400000, 0x00000000eb200000)
  object space 30720K, 98% used [0x00000000c1600000,0x00000000c3391f48,0x00000000c3400000)
 Metaspace       used 17884K, capacity 18094K, committed 18304K, reserved 1064960K
  class space    used 2072K, capacity 2155K, committed 2176K, reserved 1048576K
Event: 694.879 GC heap after
Heap after GC invocations=1190 (full 9):
 PSYoungGen      total 11776K, used 0K [0x00000000eb200000, 0x00000000ec180000, 0x0000000100000000)
  eden space 9728K, 0% used [0x00000000eb200000,0x00000000eb200000,0x00000000ebb80000)
  from space 2048K, 0% used [0x00000000ebb80000,0x00000000ebb80000,0x00000000ebd80000)
  to   space 2048K, 0% used [0x00000000ebf80000,0x00000000ebf80000,0x00000000ec180000)
 ParOldGen       total 35840K, used 15686K [0x00000000c1600000, 0x00000000c3900000, 0x00000000eb200000)
  object space 35840K, 43% used [0x00000000c1600000,0x00000000c2551b08,0x00000000c3900000)
 Metaspace       used 17884K, capacity 18094K, committed 18304K, reserved 1064960K
  class space    used 2072K, capacity 2155K, committed 2176K, reserved 1048576K
}

Deoptimization events (10 events):
Event: 292.931 Thread 0x0000000057c17000 Uncommon trap: reason=unreached action=reinterpret pc=0x0000000002a23264 method=java.util.concurrent.locks.LockSupport.unpark(Ljava/lang/Thread;)V @ 1
Event: 300.423 Thread 0x0000000057c17000 Uncommon trap: reason=null_check action=make_not_entrant pc=0x000000000304dd84 method=javax.swing.plaf.nimbus.NimbusDefaults$LazyStyle.matches(Ljava/awt/Component;I)Z @ 39
Event: 314.969 Thread 0x0000000057c17000 Uncommon trap: reason=unreached action=reinterpret pc=0x0000000002f538bc method=java.util.concurrent.locks.LockSupport.unpark(Ljava/lang/Thread;)V @ 1
Event: 344.570 Thread 0x0000000057c17000 Uncommon trap: reason=range_check action=make_not_entrant pc=0x00000000030ae3e8 method=java.awt.image.DirectColorModel.getRedMask()I @ 5
Event: 415.433 Thread 0x0000000056762800 Uncommon trap: reason=class_check action=maybe_recompile pc=0x000000000303458c method=sun.awt.image.ImageWatched.newInfo(Ljava/awt/Image;IIIII)V @ 13
Event: 415.433 Thread 0x0000000056762800 Uncommon trap: reason=class_check action=maybe_recompile pc=0x000000000303458c method=sun.awt.image.ImageWatched.newInfo(Ljava/awt/Image;IIIII)V @ 13
Event: 415.433 Thread 0x0000000056762800 Uncommon trap: reason=class_check action=maybe_recompile pc=0x000000000303458c method=sun.awt.image.ImageWatched.newInfo(Ljava/awt/Image;IIIII)V @ 13
Event: 415.433 Thread 0x0000000056762800 Uncommon trap: reason=class_check action=maybe_recompile pc=0x000000000303458c method=sun.awt.image.ImageWatched.newInfo(Ljava/awt/Image;IIIII)V @ 13
Event: 433.225 Thread 0x0000000057c17000 Uncommon trap: reason=unreached action=reinterpret pc=0x00000000030d1bdc method=sun.awt.PostEventQueue.flush()V @ 23
Event: 583.358 Thread 0x0000000057c17000 Uncommon trap: reason=range_check action=make_not_entrant pc=0x0000000002d3cb90 method=java.awt.image.DirectColorModel.setFields()V @ 6

Internal exceptions (10 events):
Event: 300.374 Thread 0x0000000056763000 Exception <a 'java/lang/InterruptedException': sleep interrupted> (0x00000000eb60b1f8) thrown at [D:\re\workspace\8-2-build-windows-amd64-cygwin\jdk8u25\1677\hotspot\src\share\vm\prims\jvm.cpp, line 3141]
Event: 300.423 Thread 0x0000000057c17000 Implicit null exception at 0x000000000304d49e to 0x000000000304dd6d
Event: 331.416 Thread 0x0000000056764800 Exception <a 'java/lang/InterruptedException': sleep interrupted> (0x00000000eb5897e8) thrown at [D:\re\workspace\8-2-build-windows-amd64-cygwin\jdk8u25\1677\hotspot\src\share\vm\prims\jvm.cpp, line 3141]
Event: 355.184 Thread 0x0000000056764000 Exception <a 'java/lang/InterruptedException': sleep interrupted> (0x00000000eb331718) thrown at [D:\re\workspace\8-2-build-windows-amd64-cygwin\jdk8u25\1677\hotspot\src\share\vm\prims\jvm.cpp, line 3141]
Event: 373.890 Thread 0x0000000056763000 Exception <a 'java/lang/InterruptedException': sleep interrupted> (0x00000000eb6a51e8) thrown at [D:\re\workspace\8-2-build-windows-amd64-cygwin\jdk8u25\1677\hotspot\src\share\vm\prims\jvm.cpp, line 3141]
Event: 400.177 Thread 0x0000000056764800 Exception <a 'java/lang/InterruptedException': sleep interrupted> (0x00000000ebb3a880) thrown at [D:\re\workspace\8-2-build-windows-amd64-cygwin\jdk8u25\1677\hotspot\src\share\vm\prims\jvm.cpp, line 3141]
Event: 419.390 Thread 0x0000000056763000 Exception <a 'java/lang/InterruptedException': sleep interrupted> (0x00000000eb5c4e50) thrown at [D:\re\workspace\8-2-build-windows-amd64-cygwin\jdk8u25\1677\hotspot\src\share\vm\prims\jvm.cpp, line 3141]
Event: 439.739 Thread 0x0000000056764000 Exception <a 'java/lang/InterruptedException': sleep interrupted> (0x00000000ebeae990) thrown at [D:\re\workspace\8-2-build-windows-amd64-cygwin\jdk8u25\1677\hotspot\src\share\vm\prims\jvm.cpp, line 3093]
Event: 484.271 Thread 0x0000000056761800 Exception <a 'java/lang/InterruptedException': sleep interrupted> (0x00000000ebfcec38) thrown at [D:\re\workspace\8-2-build-windows-amd64-cygwin\jdk8u25\1677\hotspot\src\share\vm\prims\jvm.cpp, line 3141]
Event: 690.656 Thread 0x0000000056762800 Exception <a 'java/lang/InterruptedException': sleep interrupted> (0x00000000eb7b59d0) thrown at [D:\re\workspace\8-2-build-windows-amd64-cygwin\jdk8u25\1677\hotspot\src\share\vm\prims\jvm.cpp, line 3141]

Events (10 events):
Event: 694.317 Thread 0x0000000056764000 Thread exited: 0x0000000056764000
Event: 694.326 Thread 0x0000000056764000 Thread added: 0x0000000056764000
Event: 694.457 Executing VM operation: ParallelGCFailedAllocation
Event: 694.459 Executing VM operation: ParallelGCFailedAllocation done
Event: 694.503 Executing VM operation: RevokeBias
Event: 694.504 Executing VM operation: RevokeBias done
Event: 694.606 Executing VM operation: ParallelGCFailedAllocation
Event: 694.608 Executing VM operation: ParallelGCFailedAllocation done
Event: 694.836 Executing VM operation: ParallelGCFailedAllocation
Event: 694.879 Executing VM operation: ParallelGCFailedAllocation done


Dynamic libraries:
0x000000013f410000 - 0x000000013f444000 	C:\Program Files\Java\jdk1.8.0_25\bin\java.exe
0x0000000076d90000 - 0x0000000076f3b000 	C:\Windows\SYSTEM32\ntdll.dll
0x0000000076c70000 - 0x0000000076d8f000 	C:\Windows\system32\kernel32.dll
0x000007fefcda0000 - 0x000007fefce0b000 	C:\Windows\system32\KERNELBASE.dll
0x000007fefee80000 - 0x000007fefef5b000 	C:\Windows\system32\ADVAPI32.dll
0x000007fefdfa0000 - 0x000007fefe03f000 	C:\Windows\system32\msvcrt.dll
0x000007fefdf80000 - 0x000007fefdf9f000 	C:\Windows\SYSTEM32\sechost.dll
0x000007fefef60000 - 0x000007feff08e000 	C:\Windows\system32\RPCRT4.dll
0x0000000076b70000 - 0x0000000076c6a000 	C:\Windows\system32\USER32.dll
0x000007fefee10000 - 0x000007fefee77000 	C:\Windows\system32\GDI32.dll
0x000007fefde50000 - 0x000007fefde5e000 	C:\Windows\system32\LPK.dll
0x000007fefe2a0000 - 0x000007fefe36a000 	C:\Windows\system32\USP10.dll
0x000007fefb6b0000 - 0x000007fefb8a4000 	C:\Windows\WinSxS\amd64_microsoft.windows.common-controls_6595b64144ccf1df_6.0.7600.16385_none_fa645303170382f6\COMCTL32.dll
0x000007fefde60000 - 0x000007fefded1000 	C:\Windows\system32\SHLWAPI.dll
0x000007fefeb80000 - 0x000007fefebae000 	C:\Windows\system32\IMM32.DLL
0x000007fefebb0000 - 0x000007fefecb9000 	C:\Windows\system32\MSCTF.dll
0x0000000069c60000 - 0x0000000069d32000 	C:\Program Files\Java\jdk1.8.0_25\jre\bin\msvcr100.dll
0x0000000064b50000 - 0x00000000653aa000 	C:\Program Files\Java\jdk1.8.0_25\jre\bin\server\jvm.dll
0x000007fef2270000 - 0x000007fef2279000 	C:\Windows\system32\WSOCK32.dll
0x000007fefeab0000 - 0x000007fefeafd000 	C:\Windows\system32\WS2_32.dll
0x000007feff090000 - 0x000007feff098000 	C:\Windows\system32\NSI.dll
0x000007fef9590000 - 0x000007fef95cb000 	C:\Windows\system32\WINMM.dll
0x0000000076f60000 - 0x0000000076f67000 	C:\Windows\system32\PSAPI.DLL
0x0000000069fb0000 - 0x0000000069fbf000 	C:\Program Files\Java\jdk1.8.0_25\jre\bin\verify.dll
0x0000000069f80000 - 0x0000000069fa8000 	C:\Program Files\Java\jdk1.8.0_25\jre\bin\java.dll
0x0000000069f60000 - 0x0000000069f76000 	C:\Program Files\Java\jdk1.8.0_25\jre\bin\zip.dll
0x000007fefd0c0000 - 0x000007fefde46000 	C:\Windows\system32\SHELL32.dll
0x000007fefe5e0000 - 0x000007fefe7e1000 	C:\Windows\system32\ole32.dll
0x000007fefccf0000 - 0x000007fefccff000 	C:\Windows\system32\profapi.dll
0x0000000069ac0000 - 0x0000000069c58000 	C:\Program Files\Java\jdk1.8.0_25\jre\bin\awt.dll
0x000007fefe9d0000 - 0x000007fefeaa7000 	C:\Windows\system32\OLEAUT32.dll
0x000007fefb4d0000 - 0x000007fefb526000 	C:\Windows\system32\uxtheme.dll
0x000007fefb0a0000 - 0x000007fefb0b8000 	C:\Windows\system32\dwmapi.dll
0x000007fefcc20000 - 0x000007fefcc2f000 	C:\Windows\system32\CRYPTBASE.dll
0x0000000069ed0000 - 0x0000000069f17000 	C:\Program Files\Java\jdk1.8.0_25\jre\bin\fontmanager.dll
0x000007fee4660000 - 0x000007fee485f000 	C:\Windows\system32\d3d9.dll
0x000007fefbcd0000 - 0x000007fefbcdc000 	C:\Windows\system32\VERSION.dll
0x000007feed320000 - 0x000007feed327000 	C:\Windows\system32\d3d8thk.dll
0x000007fee3bf0000 - 0x000007fee465d000 	C:\Windows\system32\igdumdim64.dll
0x000007fef7e40000 - 0x000007fef82a2000 	C:\Windows\system32\igdusc64.dll
0x000007fefdee0000 - 0x000007fefdf79000 	C:\Windows\system32\CLBCatQ.DLL
0x000007fefaf30000 - 0x000007fefb05a000 	C:\Windows\system32\WindowsCodecs.dll
0x000007fefcbc0000 - 0x000007fefcc17000 	C:\Windows\system32\apphelp.dll
0x000007fef7dd0000 - 0x000007fef7dd9000 	C:\Program Files (x86)\Internet Download Manager\IDMShellExt64.dll
0x000007fef7d40000 - 0x000007fef7d75000 	C:\Windows\system32\EhStorShell.dll
0x000007fefe7f0000 - 0x000007fefe9c7000 	C:\Windows\system32\SETUPAPI.dll
0x000007fefd080000 - 0x000007fefd0b6000 	C:\Windows\system32\CFGMGR32.dll
0x000007fefd060000 - 0x000007fefd07a000 	C:\Windows\system32\DEVOBJ.dll
0x000007fefb530000 - 0x000007fefb65c000 	C:\Windows\system32\PROPSYS.dll
0x000007fef7cc0000 - 0x000007fef7d3e000 	C:\Windows\System32\cscui.dll
0x000007fef7cb0000 - 0x000007fef7cbc000 	C:\Windows\System32\CSCDLL.dll
0x000007fef7ca0000 - 0x000007fef7caf000 	C:\Windows\system32\CSCAPI.dll
0x000007fef7c20000 - 0x000007fef7ca0000 	C:\Windows\system32\ntshrui.dll
0x000007fefc920000 - 0x000007fefc943000 	C:\Windows\system32\srvcli.dll
0x000007fefa6e0000 - 0x000007fefa6eb000 	C:\Windows\system32\slc.dll
0x0000000069f40000 - 0x0000000069f5a000 	C:\Program Files\Java\jdk1.8.0_25\jre\bin\net.dll
0x000007fefc560000 - 0x000007fefc5b4000 	C:\Windows\system32\mswsock.dll
0x000007fefc550000 - 0x000007fefc557000 	C:\Windows\System32\wship6.dll
0x0000000069f20000 - 0x0000000069f31000 	C:\Program Files\Java\jdk1.8.0_25\jre\bin\nio.dll
0x0000000069a70000 - 0x0000000069ab1000 	C:\Program Files\Java\jdk1.8.0_25\jre\bin\t2k.dll
0x0000000069ea0000 - 0x0000000069eca000 	C:\Program Files\Java\jdk1.8.0_25\jre\bin\dcpr.dll
0x000007fefc5c0000 - 0x000007fefc5d7000 	C:\Windows\system32\CRYPTSP.dll
0x000007fefc2c0000 - 0x000007fefc307000 	C:\Windows\system32\rsaenh.dll
0x000007fefc040000 - 0x000007fefc05e000 	C:\Windows\system32\USERENV.dll
0x000007fef94a0000 - 0x000007fef94c7000 	C:\Windows\system32\IPHLPAPI.DLL
0x000007fefa620000 - 0x000007fefa62b000 	C:\Windows\system32\WINNSI.DLL
0x000007fef89d0000 - 0x000007fef89e8000 	C:\Windows\system32\dhcpcsvc.DLL
0x000007fef89b0000 - 0x000007fef89c1000 	C:\Windows\system32\dhcpcsvc6.DLL
0x000007fef48e0000 - 0x000007fef4909000 	C:\Users\Akarsh\AppData\Local\Temp\BridJExtractedLibraries319176732970914677\bridj.dll
0x000007fef48a0000 - 0x000007fef48d6000 	C:\Users\Akarsh\AppData\Local\Temp\BridJExtractedLibraries319176732970914677\OpenIMAJGrabber.dll
0x000007feedbd0000 - 0x000007feedbe6000 	C:\Windows\system32\devenum.dll
0x000007fefbba0000 - 0x000007fefbbcd000 	C:\Windows\system32\ntmarta.dll
0x000007fefe370000 - 0x000007fefe3c0000 	C:\Windows\system32\WLDAP32.dll
0x000007fefcf80000 - 0x000007fefcfb9000 	C:\Windows\system32\WINTRUST.dll
0x000007fefce10000 - 0x000007fefcf76000 	C:\Windows\system32\CRYPT32.dll
0x000007fefcd90000 - 0x000007fefcd9f000 	C:\Windows\system32\MSASN1.dll
0x000007feed270000 - 0x000007feed27d000 	C:\Windows\system32\msdmo.dll
0x000007fef4870000 - 0x000007fef489f000 	C:\Windows\system32\qcap.dll
0x000007fee2de0000 - 0x000007fee2f92000 	C:\Windows\system32\quartz.dll
0x000007feed150000 - 0x000007feed191000 	C:\Windows\system32\ksproxy.ax
0x00000000727e0000 - 0x00000000727e6000 	C:\Windows\system32\ksuser.dll
0x000007fef2300000 - 0x000007fef230b000 	C:\Windows\system32\vidcap.ax
0x000007feed120000 - 0x000007feed144000 	C:\Windows\system32\kswdmcap.ax
0x000007fee2b80000 - 0x000007fee2cdc000 	C:\Windows\system32\MFC42.dll
0x000007fee3750000 - 0x000007fee37ff000 	C:\Windows\system32\ODBC32.dll
0x000000006ad20000 - 0x000000006ad58000 	C:\Windows\system32\odbcint.dll
0x000007fee3440000 - 0x000007fee34db000 	C:\Windows\System32\qedit.dll
0x000007fef4840000 - 0x000007fef4869000 	C:\Windows\System32\MSVFW32.dll
0x000007fefe3c0000 - 0x000007fefe458000 	C:\Windows\system32\COMDLG32.dll
0x000007fefb2b0000 - 0x000007fefb4c5000 	C:\Windows\WinSxS\amd64_microsoft.windows.gdiplus_6595b64144ccf1df_1.1.7600.16385_none_2b4f45e87195fcc4\gdiplus.dll
0x000007fef4f10000 - 0x000007fef5001000 	C:\Windows\system32\DDRAW.dll
0x000007fef4f00000 - 0x000007fef4f08000 	C:\Windows\system32\DCIMAN32.dll
0x000007fee0da0000 - 0x000007fee1775000 	D:\Opencv 2.4\opencv\build\java\x64\opencv_java2413.dll
0x000007fef4e20000 - 0x000007fef4e3f000 	C:\Windows\system32\AVIFIL32.dll
0x000007fef4cf0000 - 0x000007fef4d08000 	C:\Windows\system32\MSACM32.dll
0x000007fef1e30000 - 0x000007fef1e47000 	C:\Windows\system32\AVICAP32.dll
0x000000006a2b0000 - 0x000000006a2e1000 	C:\Program Files\Java\jdk1.8.0_25\jre\bin\jpeg.dll
0x000007fef4ee0000 - 0x000007fef4eeb000 	C:\Windows\system32\msyuv.dll
0x000007fee9630000 - 0x000007fee9755000 	C:\Windows\system32\dbghelp.dll

VM Arguments:
jvm_args: -Dfile.encoding=UTF-8 -Djava.library.path=D:\Opencv 2.4\opencv\build\java\x64;%PATH% 
java_command: cubesolversimulator.Main
java_class_path (initial): D:\Project_work\CubeSolverSimulator\lib\webcam-capture-0.3.10-javadoc.jar;D:\Project_work\CubeSolverSimulator\lib\webcam-capture-0.3.10.jar;D:\Project_work\CubeSolverSimulator\lib\bridj-0.6.2.jar;D:\Project_work\CubeSolverSimulator\lib\slf4j-api-1.7.2.jar;D:\Project_work\CubeSolverSimulator\lib\opencv-2413.jar;D:\Project_work\CubeSolverSimulator\lib\eclipselink\eclipselink.jar;D:\Project_work\CubeSolverSimulator\lib\eclipselink\javax.persistence_2.1.0.v201304241213.jar;D:\Project_work\CubeSolverSimulator\lib\eclipselink\org.eclipse.persistence.jpa.jpql_2.5.2.v20140319-9ad6abd.jar;D:\Project_work\CubeSolverSimulator\build\classes
Launcher Type: SUN_STANDARD

Environment Variables:
PATH=C:\Python34\;C:\Python34\Scripts;C:\Program Files (x86)\Intel\iCLS Client\;C:\Program Files\Intel\iCLS Client\;C:\ProgramData\Oracle\Java\javapath;C:\Windows\system32;C:\Windows;C:\Windows\System32\Wbem;C:\Windows\System32\WindowsPowerShell\v1.0\;C:\Program Files\Intel\Intel(R) Management Engine Components\DAL;C:\Program Files\Intel\Intel(R) Management Engine Components\IPT;C:\Program Files (x86)\Intel\Intel(R) Management Engine Components\DAL;C:\Program Files (x86)\Intel\Intel(R) Management Engine Components\IPT;D:\Project_work\VisualInput\build\java\x64;C:\Program Files (x86)\Skype\Phone\;C:\Program Files\MATLAB\R2013b\runtime\win64;C:\Program Files\MATLAB\R2013b\bin;C:\Program Files\MATLAB\R2013b\polyspace\bin;C:\Users\Akarsh\Anaconda3;C:\Users\Akarsh\Anaconda3\Scripts;C:\Users\Akarsh\Anaconda3\Library\bin;C:\Program Files\Java\jdk1.8.0_25\bin;
USERNAME=Akarsh
OS=Windows_NT
PROCESSOR_IDENTIFIER=Intel64 Family 6 Model 69 Stepping 1, GenuineIntel



---------------  S Y S T E M  ---------------

OS: Windows 7 , 64 bit Build 7600 

CPU:total 4 (2 cores per cpu, 2 threads per core) family 6 model 69 stepping 1, cmov, cx8, fxsr, mmx, sse, sse2, sse3, ssse3, sse4.1, sse4.2, popcnt, aes, clmul, erms, lzcnt, ht, tsc, tscinvbit, bmi1, bmi2

Memory: 4k page, physical 4096180k(1113772k free), swap 12286644k(8613720k free)

vm_info: Java HotSpot(TM) 64-Bit Server VM (25.25-b02) for windows-amd64 JRE (1.8.0_25-b18), built on Oct  7 2014 14:25:37 by "java_re" with MS VC++ 10.0 (VS2010)

time: Tue Apr 04 19:25:32 2017
elapsed time: 695 seconds (0d 0h 11m 35s)

